"../../../Engine/Content/EditorResources/S_Actor.ubulk" 0
"../../../Engine/Content/EditorResources/S_Actor.uasset" 1
"../../../Engine/Content/EditorResources/S_Actor.uexp" 2
"../../../Engine/Content/EditorResources/S_BoxReflectionCapture.uasset" 3
"../../../Engine/Content/EditorResources/S_BoxReflectionCapture.uexp" 4
"../../../Engine/Content/EngineResources/DefaultTexture.ubulk" 5
"../../../Engine/Content/EngineResources/DefaultTexture.uasset" 6
"../../../Engine/Content/EngineResources/DefaultTexture.uexp" 7
"../../../Engine/Content/EngineResources/DefaultTextureCube.uasset" 8
"../../../Engine/Content/EngineResources/DefaultTextureCube.uexp" 9
"../../../Engine/Content/EngineResources/DefaultVolumeTexture2D.uasset" 10
"../../../Engine/Content/EngineResources/DefaultVolumeTexture2D.uexp" 11
"../../../Engine/Content/EngineResources/DefaultVolumeTexture.uasset" 12
"../../../Engine/Content/EngineResources/DefaultVolumeTexture.uexp" 13
"../../../Engine/Content/EditorResources/S_Trigger.ubulk" 14
"../../../Engine/Content/EditorResources/S_Trigger.uasset" 15
"../../../Engine/Content/EditorResources/S_Trigger.uexp" 16
"../../../Engine/Content/EditorResources/S_TriggerBox.uasset" 17
"../../../Engine/Content/EditorResources/S_TriggerBox.uexp" 18
"../../../Engine/Content/EditorResources/S_TriggerCapsule.uasset" 19
"../../../Engine/Content/EditorResources/S_TriggerCapsule.uexp" 20
"../../../Engine/Content/EditorResources/S_TriggerSphere.uasset" 21
"../../../Engine/Content/EditorResources/S_TriggerSphere.uexp" 22
"../../../Engine/Content/EngineMeshes/Sphere.ubulk" 23
"../../../Engine/Content/EngineMeshes/Sphere.uasset" 24
"../../../Engine/Content/EngineMeshes/Sphere.uexp" 25
"../../../Engine/Content/EngineResources/GradientTexture0.uasset" 26
"../../../Engine/Content/EngineResources/GradientTexture0.uexp" 27
"../../../Engine/Content/EngineResources/Black.uasset" 28
"../../../Engine/Content/EngineResources/Black.uexp" 29
"../../../Engine/Content/VREditor/LaserPointer/VR_LaserPower_01.ubulk" 30
"../../../Engine/Content/VREditor/LaserPointer/VR_LaserPower_01.uasset" 31
"../../../Engine/Content/VREditor/LaserPointer/VR_LaserPower_01.uexp" 32
"../../../Engine/Content/VREditor/TransformGizmo/TransformGizmoMaterial.uasset" 33
"../../../Engine/Content/VREditor/TransformGizmo/TransformGizmoMaterial.uexp" 34
"../../../Engine/Content/VREditor/TransformGizmo/TranslucentTransformGizmoMaterial.uasset" 35
"../../../Engine/Content/VREditor/TransformGizmo/TranslucentTransformGizmoMaterial.uexp" 36
"../../../Engine/Content/VREditor/TransformGizmo/PlaneTranslationHandle.ubulk" 37
"../../../Engine/Content/VREditor/TransformGizmo/PlaneTranslationHandle.uasset" 38
"../../../Engine/Content/VREditor/TransformGizmo/PlaneTranslationHandle.uexp" 39
"../../../Engine/Content/VREditor/TransformGizmo/BoundingBoxCorner.ubulk" 40
"../../../Engine/Content/VREditor/TransformGizmo/BoundingBoxCorner.uasset" 41
"../../../Engine/Content/VREditor/TransformGizmo/BoundingBoxCorner.uexp" 42
"../../../Engine/Content/VREditor/TransformGizmo/BoundingBoxEdge.ubulk" 43
"../../../Engine/Content/VREditor/TransformGizmo/BoundingBoxEdge.uasset" 44
"../../../Engine/Content/VREditor/TransformGizmo/BoundingBoxEdge.uexp" 45
"../../../Engine/Content/VREditor/TransformGizmo/Main.uasset" 46
"../../../Engine/Content/VREditor/TransformGizmo/Main.uexp" 47
"../../../Engine/Content/VREditor/TransformGizmo/Xray.uasset" 48
"../../../Engine/Content/VREditor/TransformGizmo/Xray.uexp" 49
"../../../Engine/Content/VREditor/TransformGizmo/SM_Sequencer_Node.ubulk" 50
"../../../Engine/Content/VREditor/TransformGizmo/SM_Sequencer_Node.uasset" 51
"../../../Engine/Content/VREditor/TransformGizmo/SM_Sequencer_Node.uexp" 52
"../../../Engine/Content/EditorMaterials/Camera/CineMat.uasset" 53
"../../../Engine/Content/EditorMaterials/Camera/CineMat.uexp" 54
"../../../Engine/Content/EditorMaterials/Camera/MI_CineMat_Rig.uasset" 55
"../../../Engine/Content/EditorMaterials/Camera/MI_CineMat_Rig.uexp" 56
"../../../Engine/Content/EditorMeshes/Camera/SM_CraneRig_Base.ubulk" 57
"../../../Engine/Content/EditorMeshes/Camera/SM_CraneRig_Base.uasset" 58
"../../../Engine/Content/EditorMeshes/Camera/SM_CraneRig_Base.uexp" 59
"../../../Engine/Content/EditorMeshes/Camera/SM_CraneRig_Arm.ubulk" 60
"../../../Engine/Content/EditorMeshes/Camera/SM_CraneRig_Arm.uasset" 61
"../../../Engine/Content/EditorMeshes/Camera/SM_CraneRig_Arm.uexp" 62
"../../../Engine/Content/EditorMeshes/Camera/SM_CraneRig_Mount.ubulk" 63
"../../../Engine/Content/EditorMeshes/Camera/SM_CraneRig_Mount.uasset" 64
"../../../Engine/Content/EditorMeshes/Camera/SM_CraneRig_Mount.uexp" 65
"../../../Engine/Content/EditorMeshes/Camera/SM_CraneRig_Body.ubulk" 66
"../../../Engine/Content/EditorMeshes/Camera/SM_CraneRig_Body.uasset" 67
"../../../Engine/Content/EditorMeshes/Camera/SM_CraneRig_Body.uexp" 68
"../../../Engine/Content/EditorMeshes/Camera/SM_RailRig_Track.ubulk" 69
"../../../Engine/Content/EditorMeshes/Camera/SM_RailRig_Track.uasset" 70
"../../../Engine/Content/EditorMeshes/Camera/SM_RailRig_Track.uexp" 71
"../../../Engine/Content/EditorMeshes/Camera/SM_RailRig_Mount.ubulk" 72
"../../../Engine/Content/EditorMeshes/Camera/SM_RailRig_Mount.uasset" 73
"../../../Engine/Content/EditorMeshes/Camera/SM_RailRig_Mount.uexp" 74
"../../../Engine/Content/EngineMaterials/T_Default_Material_Grid_M.ubulk" 75
"../../../Engine/Content/EngineMaterials/T_Default_Material_Grid_M.uasset" 76
"../../../Engine/Content/EngineMaterials/T_Default_Material_Grid_M.uexp" 77
"../../../Engine/Content/EngineMaterials/T_Default_Material_Grid_N.ubulk" 78
"../../../Engine/Content/EngineMaterials/T_Default_Material_Grid_N.uasset" 79
"../../../Engine/Content/EngineMaterials/T_Default_Material_Grid_N.uexp" 80
"../../../Engine/Content/Functions/Engine_MaterialFunctions01/Opacity/CameraDepthFade.uasset" 81
"../../../Engine/Content/Functions/Engine_MaterialFunctions01/Opacity/CameraDepthFade.uexp" 82
"../../../Engine/Content/EngineMaterials/WorldGridMaterial.uasset" 83
"../../../Engine/Content/EngineMaterials/WorldGridMaterial.uexp" 84
"../../../Engine/Content/ArtTools/RenderToTexture/Meshes/S_1_Unit_Plane.ubulk" 85
"../../../Engine/Content/ArtTools/RenderToTexture/Meshes/S_1_Unit_Plane.uasset" 86
"../../../Engine/Content/ArtTools/RenderToTexture/Meshes/S_1_Unit_Plane.uexp" 87
"../../../Engine/Content/EditorMaterials/ParticleSystems/PSysThumbnail_NoImage.ubulk" 88
"../../../Engine/Content/EditorMaterials/ParticleSystems/PSysThumbnail_NoImage.uasset" 89
"../../../Engine/Content/EditorMaterials/ParticleSystems/PSysThumbnail_NoImage.uexp" 90
"../../../Engine/Content/EditorMaterials/ParticleSystems/PSysThumbnail_OOD.ubulk" 91
"../../../Engine/Content/EditorMaterials/ParticleSystems/PSysThumbnail_OOD.uasset" 92
"../../../Engine/Content/EditorMaterials/ParticleSystems/PSysThumbnail_OOD.uexp" 93
"../../../Engine/Content/EditorLandscapeResources/SplineEditorMeshMat.uasset" 94
"../../../Engine/Content/EditorLandscapeResources/SplineEditorMeshMat.uexp" 95
"../../../Engine/Content/EditorLandscapeResources/SplineEditorMesh.ubulk" 96
"../../../Engine/Content/EditorLandscapeResources/SplineEditorMesh.uasset" 97
"../../../Engine/Content/EditorLandscapeResources/SplineEditorMesh.uexp" 98
"../../../Engine/Content/EditorResources/S_Solver.ubulk" 99
"../../../Engine/Content/EditorResources/S_Solver.uasset" 100
"../../../Engine/Content/EditorResources/S_Solver.uexp" 101
"../../../Engine/Plugins/Media/MediaPlate/Content/SM_MediaPlateScreen.ubulk" 102
"../../../Engine/Plugins/Media/MediaPlate/Content/SM_MediaPlateScreen.uasset" 103
"../../../Engine/Plugins/Media/MediaPlate/Content/SM_MediaPlateScreen.uexp" 104
"../../../Engine/Content/EngineMaterials/Good64x64TilingNoiseHighFreq.uasset" 105
"../../../Engine/Content/EngineMaterials/Good64x64TilingNoiseHighFreq.uexp" 106
"../../../Engine/Content/EngineMaterials/DefaultBokeh.uasset" 107
"../../../Engine/Content/EngineMaterials/DefaultBokeh.uexp" 108
"../../../Engine/Content/EngineMaterials/PreintegratedSkinBRDF.uasset" 109
"../../../Engine/Content/EngineMaterials/PreintegratedSkinBRDF.uexp" 110
"../../../Engine/Content/EngineMaterials/MiniFont.uasset" 111
"../../../Engine/Content/EngineMaterials/MiniFont.uexp" 112
"../../../Engine/Content/EngineMaterials/WeightMapPlaceholderTexture.uasset" 113
"../../../Engine/Content/EngineMaterials/WeightMapPlaceholderTexture.uexp" 114
"../../../Engine/Content/EngineMaterials/DefaultWhiteGrid.ubulk" 115
"../../../Engine/Content/EngineMaterials/DefaultWhiteGrid.uasset" 116
"../../../Engine/Content/EngineMaterials/DefaultWhiteGrid.uexp" 117
"../../../Engine/Content/Animation/DefaultRecorderBoneCompression.uasset" 118
"../../../Engine/Content/Animation/DefaultRecorderBoneCompression.uexp" 119
"../../../Engine/Content/Animation/DefaultAnimCurveCompressionSettings.uasset" 120
"../../../Engine/Content/Animation/DefaultAnimCurveCompressionSettings.uexp" 121
"../../../Engine/Content/Animation/DefaultAnimBoneCompressionSettings.uasset" 122
"../../../Engine/Content/Animation/DefaultAnimBoneCompressionSettings.uexp" 123
"../../../Engine/Content/EngineMaterials/DefaultMaterial.uasset" 124
"../../../Engine/Content/EngineMaterials/DefaultMaterial.uexp" 125
"../../../Engine/Content/BasicShapes/Sphere.ubulk" 126
"../../../Engine/Content/BasicShapes/Sphere.uasset" 127
"../../../Engine/Content/BasicShapes/Sphere.uexp" 128
"../../../Engine/Content/BasicShapes/Plane.ubulk" 129
"../../../Engine/Content/BasicShapes/Plane.uasset" 130
"../../../Engine/Content/BasicShapes/Plane.uexp" 131
"../../../Engine/Content/BasicShapes/Cylinder.ubulk" 132
"../../../Engine/Content/BasicShapes/Cylinder.uasset" 133
"../../../Engine/Content/BasicShapes/Cylinder.uexp" 134
"../../../Engine/Content/BasicShapes/Cube.ubulk" 135
"../../../Engine/Content/BasicShapes/Cube.uasset" 136
"../../../Engine/Content/BasicShapes/Cube.uexp" 137
"../../../Engine/Content/BasicShapes/Cone.ubulk" 138
"../../../Engine/Content/BasicShapes/Cone.uasset" 139
"../../../Engine/Content/BasicShapes/Cone.uexp" 140
"../../../Engine/Content/EditorMaterials/PreviewShadowIndicator.ubulk" 141
"../../../Engine/Content/EditorMaterials/PreviewShadowIndicator.uasset" 142
"../../../Engine/Content/EditorMaterials/PreviewShadowIndicator.uexp" 143
"../../../Engine/Content/EditorMaterials/PreviewShadowIndicatorMaterial.uasset" 144
"../../../Engine/Content/EditorMaterials/PreviewShadowIndicatorMaterial.uexp" 145
"../../../Engine/Content/EditorMaterials/PhAT_UnselectedMaterial.uasset" 146
"../../../Engine/Content/EditorMaterials/PhAT_UnselectedMaterial.uexp" 147
"../../../Engine/Content/EditorMaterials/PhAT_NoCollisionMaterial.uasset" 148
"../../../Engine/Content/EditorMaterials/PhAT_NoCollisionMaterial.uexp" 149
"../../../Engine/Content/Functions/Engine_MaterialFunctions02/Utility/MakeFloat4.uasset" 150
"../../../Engine/Content/Functions/Engine_MaterialFunctions02/Utility/MakeFloat4.uexp" 151
"../../../Engine/Content/Functions/Engine_MaterialFunctions02/Utility/MakeFloat3.uasset" 152
"../../../Engine/Content/Functions/Engine_MaterialFunctions02/Utility/MakeFloat3.uexp" 153
"../../../Engine/Content/Functions/Engine_MaterialFunctions02/Utility/BreakOutFloat3Components.uasset" 154
"../../../Engine/Content/Functions/Engine_MaterialFunctions02/Utility/BreakOutFloat3Components.uexp" 155
"../../../Engine/Content/EditorMaterials/WorldPartition/WorldPartitionSpatialHashGridPreviewMaterial.uasset" 156
"../../../Engine/Content/EditorMaterials/WorldPartition/WorldPartitionSpatialHashGridPreviewMaterial.uexp" 157
"../../../Engine/Content/EditorLandscapeResources/DefaultAlphaTexture.uasset" 158
"../../../Engine/Content/EditorLandscapeResources/DefaultAlphaTexture.uexp" 159
"../../../Engine/Content/EditorLandscapeResources/DataLayer.uasset" 160
"../../../Engine/Content/EditorLandscapeResources/DataLayer.uexp" 161
"../../../Engine/Content/EditorResources/S_Terrain.ubulk" 162
"../../../Engine/Content/EditorResources/S_Terrain.uasset" 163
"../../../Engine/Content/EditorResources/S_Terrain.uexp" 164
"../../../Engine/Content/EditorResources/EmptyActor.uasset" 165
"../../../Engine/Content/EditorResources/EmptyActor.uexp" 166
"../../../Engine/Content/EditorResources/BSPVertex.uasset" 167
"../../../Engine/Content/EditorResources/BSPVertex.uexp" 168
"../../../Engine/Content/EditorResources/SequenceRecorder/RecordingIndicator.uasset" 169
"../../../Engine/Content/EditorResources/SequenceRecorder/RecordingIndicator.uexp" 170
"../../../Engine/Content/EditorResources/SequenceRecorder/Countdown.uasset" 171
"../../../Engine/Content/EditorResources/SequenceRecorder/Countdown.uexp" 172
"../../../Engine/Content/EngineResources/WhiteSquareTexture.uasset" 173
"../../../Engine/Content/EngineResources/WhiteSquareTexture.uexp" 174
"../../../Engine/Content/EngineMaterials/Widget3DPassThrough.uasset" 175
"../../../Engine/Content/EngineMaterials/Widget3DPassThrough.uexp" 176
"../../../Engine/Content/EngineMaterials/Widget3DPassThrough_Translucent.uasset" 177
"../../../Engine/Content/EngineMaterials/Widget3DPassThrough_Translucent.uexp" 178
"../../../Engine/Content/EngineMaterials/Widget3DPassThrough_Translucent_OneSided.uasset" 179
"../../../Engine/Content/EngineMaterials/Widget3DPassThrough_Translucent_OneSided.uexp" 180
"../../../Engine/Content/EngineMaterials/Widget3DPassThrough_Opaque.uasset" 181
"../../../Engine/Content/EngineMaterials/Widget3DPassThrough_Opaque.uexp" 182
"../../../Engine/Content/EngineMaterials/Widget3DPassThrough_Opaque_OneSided.uasset" 183
"../../../Engine/Content/EngineMaterials/Widget3DPassThrough_Opaque_OneSided.uexp" 184
"../../../Engine/Content/EngineMaterials/Widget3DPassThrough_Masked_OneSided.uasset" 185
"../../../Engine/Content/EngineMaterials/Widget3DPassThrough_Masked_OneSided.uexp" 186
"../../../Engine/Content/EngineMaterials/Widget3DPassThrough_Masked.uasset" 187
"../../../Engine/Content/EngineMaterials/Widget3DPassThrough_Masked.uexp" 188
"../../../Engine/Content/EngineMaterials/STBlueNoise_vec2_128x128x64.uasset" 189
"../../../Engine/Content/EngineMaterials/STBlueNoise_vec2_128x128x64.uexp" 190
"../../../Engine/Content/EngineMaterials/STBlueNoise_scalar_128x128x64.uasset" 191
"../../../Engine/Content/EngineMaterials/STBlueNoise_scalar_128x128x64.uexp" 192
"../../../Engine/Content/EngineMaterials/RemoveSurfaceMaterial.uasset" 193
"../../../Engine/Content/EngineMaterials/RemoveSurfaceMaterial.uexp" 194
"../../../Engine/Content/EngineMaterials/DefaultCalibrationGrayscale.uasset" 195
"../../../Engine/Content/EngineMaterials/DefaultCalibrationGrayscale.uexp" 196
"../../../Engine/Content/EngineMaterials/PPM_DefaultCalibrationGrayscale.uasset" 197
"../../../Engine/Content/EngineMaterials/PPM_DefaultCalibrationGrayscale.uexp" 198
"../../../Engine/Content/EngineMaterials/DefaultCalibrationColor.uasset" 199
"../../../Engine/Content/EngineMaterials/DefaultCalibrationColor.uexp" 200
"../../../Engine/Content/EngineMaterials/PPM_DefaultCalibrationColor.uasset" 201
"../../../Engine/Content/EngineMaterials/PPM_DefaultCalibrationColor.uexp" 202
"../../../Engine/Content/Functions/Engine_MaterialFunctions02/WorldPositionOffset/CameraOffset.uasset" 203
"../../../Engine/Content/Functions/Engine_MaterialFunctions02/WorldPositionOffset/CameraOffset.uexp" 204
"../../../Engine/Content/EngineMaterials/PhAT_JointLimitMaterial.uasset" 205
"../../../Engine/Content/EngineMaterials/PhAT_JointLimitMaterial.uexp" 206
"../../../Engine/Content/EngineMaterials/InvalidLightmapSettings.ubulk" 207
"../../../Engine/Content/EngineMaterials/InvalidLightmapSettings.uasset" 208
"../../../Engine/Content/EngineMaterials/InvalidLightmapSettings.uexp" 209
"../../../Engine/Content/EngineMaterials/M_InvalidLightmapSettings.uasset" 210
"../../../Engine/Content/EngineMaterials/M_InvalidLightmapSettings.uexp" 211
"../../../Engine/Content/EngineMaterials/GizmoMaterial.uasset" 212
"../../../Engine/Content/EngineMaterials/GizmoMaterial.uexp" 213
"../../../Engine/Content/EngineMaterials/BaseFlattenEmissiveMap_VT.uasset" 214
"../../../Engine/Content/EngineMaterials/BaseFlattenEmissiveMap_VT.uexp" 215
"../../../Engine/Content/EngineMaterials/BaseFlattenGrayscaleMap_VT.uasset" 216
"../../../Engine/Content/EngineMaterials/BaseFlattenGrayscaleMap_VT.uexp" 217
"../../../Engine/Content/EngineMaterials/BaseFlattenLinearColor_VT.uasset" 218
"../../../Engine/Content/EngineMaterials/BaseFlattenLinearColor_VT.uexp" 219
"../../../Engine/Content/EngineMaterials/Black_1x1_EXR_Texture_VT.uasset" 220
"../../../Engine/Content/EngineMaterials/Black_1x1_EXR_Texture_VT.uexp" 221
"../../../Engine/Content/EngineMaterials/BaseFlattenDiffuseMap_VT.uasset" 222
"../../../Engine/Content/EngineMaterials/BaseFlattenDiffuseMap_VT.uexp" 223
"../../../Engine/Content/EngineMaterials/BaseFlattenNormalMap_VT.uasset" 224
"../../../Engine/Content/EngineMaterials/BaseFlattenNormalMap_VT.uexp" 225
"../../../Engine/Content/EngineMaterials/FlattenMaterial_WS_Normal_VT.uasset" 226
"../../../Engine/Content/EngineMaterials/FlattenMaterial_WS_Normal_VT.uexp" 227
"../../../Engine/Content/EngineMaterials/FlattenMaterial_VT.uasset" 228
"../../../Engine/Content/EngineMaterials/FlattenMaterial_VT.uexp" 229
"../../../Engine/Content/EngineMaterials/BaseFlattenNormalMap.uasset" 230
"../../../Engine/Content/EngineMaterials/BaseFlattenNormalMap.uexp" 231
"../../../Engine/Content/EngineMaterials/BaseFlattenGrayscaleMap.uasset" 232
"../../../Engine/Content/EngineMaterials/BaseFlattenGrayscaleMap.uexp" 233
"../../../Engine/Content/EngineMaterials/BaseFlattenDiffuseMap.uasset" 234
"../../../Engine/Content/EngineMaterials/BaseFlattenDiffuseMap.uexp" 235
"../../../Engine/Content/Functions/Engine_MaterialFunctions02/PivotPainter2/Black_1x1_EXR_Texture.uasset" 236
"../../../Engine/Content/Functions/Engine_MaterialFunctions02/PivotPainter2/Black_1x1_EXR_Texture.uexp" 237
"../../../Engine/Content/EngineMaterials/BaseFlattenEmissiveMap.uasset" 238
"../../../Engine/Content/EngineMaterials/BaseFlattenEmissiveMap.uexp" 239
"../../../Engine/Content/EngineMaterials/BaseFlattenLinearColor.uasset" 240
"../../../Engine/Content/EngineMaterials/BaseFlattenLinearColor.uexp" 241
"../../../Engine/Content/EngineMaterials/FlattenMaterial.uasset" 242
"../../../Engine/Content/EngineMaterials/FlattenMaterial.uexp" 243
"../../../Engine/Content/EngineMaterials/DefaultWhiteGrid_Low.uasset" 244
"../../../Engine/Content/EngineMaterials/DefaultWhiteGrid_Low.uexp" 245
"../../../Engine/Content/EngineMaterials/EmissiveMeshMaterial.uasset" 246
"../../../Engine/Content/EngineMaterials/EmissiveMeshMaterial.uexp" 247
"../../../Engine/Content/EngineFonts/RobotoDistanceField.uasset" 248
"../../../Engine/Content/EngineFonts/RobotoDistanceField.uexp" 249
"../../../Engine/Content/EngineMaterials/DefaultTextMaterialOpaque.uasset" 250
"../../../Engine/Content/EngineMaterials/DefaultTextMaterialOpaque.uexp" 251
"../../../Engine/Content/EngineMaterials/DefaultDiffuse.ubulk" 252
"../../../Engine/Content/EngineMaterials/DefaultDiffuse.uasset" 253
"../../../Engine/Content/EngineMaterials/DefaultDiffuse.uexp" 254
"../../../Engine/Content/Functions/Engine_MaterialFunctions02/Utility/BreakOutFloat2Components.uasset" 255
"../../../Engine/Content/Functions/Engine_MaterialFunctions02/Utility/BreakOutFloat2Components.uexp" 256
"../../../Engine/Content/EngineMaterials/DefaultPostProcessMaterial.uasset" 257
"../../../Engine/Content/EngineMaterials/DefaultPostProcessMaterial.uexp" 258
"../../../Engine/Content/EngineMaterials/DefaultPhysicalMaterial.uasset" 259
"../../../Engine/Content/EngineMaterials/DefaultPhysicalMaterial.uexp" 260
"../../../Engine/Content/EngineMaterials/DefaultLightFunctionMaterial.uasset" 261
"../../../Engine/Content/EngineMaterials/DefaultLightFunctionMaterial.uexp" 262
"../../../Engine/Content/EngineMaterials/DefaultDestructiblePhysicalMaterial.uasset" 263
"../../../Engine/Content/EngineMaterials/DefaultDestructiblePhysicalMaterial.uexp" 264
"../../../Engine/Content/EngineMaterials/DefaultDeferredDecalMaterial.uasset" 265
"../../../Engine/Content/EngineMaterials/DefaultDeferredDecalMaterial.uexp" 266
"../../../Engine/Content/EngineMaterials/DefaultBloomKernel.uasset" 267
"../../../Engine/Content/EngineMaterials/DefaultBloomKernel.uexp" 268
"../../../Engine/Content/EngineFonts/Faces/RobotoLight.uexp" 269
"../../../Engine/Content/EngineFonts/Faces/RobotoLight.uasset" 270
"../../../Engine/Content/EngineFonts/Faces/RobotoLight.ufont" 271
"../../../Engine/Content/EngineFonts/Faces/RobotoBold.uexp" 272
"../../../Engine/Content/EngineFonts/Faces/RobotoBold.uasset" 273
"../../../Engine/Content/EngineFonts/Faces/RobotoBold.ufont" 274
"../../../Engine/Content/EngineFonts/Faces/RobotoRegular.uexp" 275
"../../../Engine/Content/EngineFonts/Faces/RobotoRegular.uasset" 276
"../../../Engine/Content/EngineFonts/Faces/RobotoRegular.ufont" 277
"../../../Engine/Content/EngineFonts/Faces/DroidSansFallback.uexp" 278
"../../../Engine/Content/EngineFonts/Faces/DroidSansFallback.uasset" 279
"../../../Engine/Content/EngineFonts/Faces/DroidSansFallback.ufont" 280
"../../../Engine/Content/EngineFonts/Faces/RobotoItalic.uexp" 281
"../../../Engine/Content/EngineFonts/Faces/RobotoItalic.uasset" 282
"../../../Engine/Content/EngineFonts/Faces/RobotoItalic.ufont" 283
"../../../Engine/Content/EngineFonts/Faces/RobotoBoldItalic.uexp" 284
"../../../Engine/Content/EngineFonts/Faces/RobotoBoldItalic.uasset" 285
"../../../Engine/Content/EngineFonts/Faces/RobotoBoldItalic.ufont" 286
"../../../Engine/Content/EngineFonts/Roboto.uasset" 287
"../../../Engine/Content/EngineFonts/Roboto.uexp" 288
"../../../Engine/Content/Functions/Engine_MaterialFunctions02/Utility/CameraDirectionVector.uasset" 289
"../../../Engine/Content/Functions/Engine_MaterialFunctions02/Utility/CameraDirectionVector.uexp" 290
"../../../Engine/Content/EngineDebugMaterials/VolumeToRender.uasset" 291
"../../../Engine/Content/EngineDebugMaterials/VolumeToRender.uexp" 292
"../../../Engine/Content/EngineDebugMaterials/M_VolumeRenderSphereTracePP.uasset" 293
"../../../Engine/Content/EngineDebugMaterials/M_VolumeRenderSphereTracePP.uexp" 294
"../../../Engine/Content/EngineDebugMaterials/M_SimpleUnlitTranslucent.uasset" 295
"../../../Engine/Content/EngineDebugMaterials/M_SimpleUnlitTranslucent.uexp" 296
"../../../Engine/Content/EngineDebugMaterials/DebugMeshMaterial.uasset" 297
"../../../Engine/Content/EngineDebugMaterials/DebugMeshMaterial.uexp" 298
"../../../Engine/Content/EngineDebugMaterials/DebugEditorMaterial.uasset" 299
"../../../Engine/Content/EngineDebugMaterials/DebugEditorMaterial.uexp" 300
"../../../Engine/Content/EngineDamageTypes/DmgTypeBP_Environmental.uasset" 301
"../../../Engine/Content/EngineDamageTypes/DmgTypeBP_Environmental.uexp" 302
"../../../Engine/Content/EngineSounds/Master.uasset" 303
"../../../Engine/Content/EngineSounds/Master.uexp" 304
"../../../Engine/Content/EngineSky/VolumetricClouds/CloudWeatherTexture.uasset" 305
"../../../Engine/Content/EngineSky/VolumetricClouds/CloudWeatherTexture.uexp" 306
"../../../Engine/Content/Functions/Engine_MaterialFunctions02/Utility/MakeFloat2.uasset" 307
"../../../Engine/Content/Functions/Engine_MaterialFunctions02/Utility/MakeFloat2.uexp" 308
"../../../Engine/Content/EngineSky/VolumetricClouds/CloudGradientTexture.uasset" 309
"../../../Engine/Content/EngineSky/VolumetricClouds/CloudGradientTexture.uexp" 310
"../../../Engine/Content/EngineSky/VolumetricClouds/T_NoiseShape64.ubulk" 311
"../../../Engine/Content/EngineSky/VolumetricClouds/T_NoiseShape64.uasset" 312
"../../../Engine/Content/EngineSky/VolumetricClouds/T_NoiseShape64.uexp" 313
"../../../Engine/Content/EngineSky/VolumetricClouds/T_VolumeNoiseShape64.uasset" 314
"../../../Engine/Content/EngineSky/VolumetricClouds/T_VolumeNoiseShape64.uexp" 315
"../../../Engine/Content/EngineSky/VolumetricClouds/T_NoiseErosion.ubulk" 316
"../../../Engine/Content/EngineSky/VolumetricClouds/T_NoiseErosion.uasset" 317
"../../../Engine/Content/EngineSky/VolumetricClouds/T_NoiseErosion.uexp" 318
"../../../Engine/Content/EngineSky/VolumetricClouds/T_VolumeNoiseErosion32.uasset" 319
"../../../Engine/Content/EngineSky/VolumetricClouds/T_VolumeNoiseErosion32.uexp" 320
"../../../Engine/Content/EngineSky/VolumetricClouds/m_SimpleVolumetricCloud.uasset" 321
"../../../Engine/Content/EngineSky/VolumetricClouds/m_SimpleVolumetricCloud.uexp" 322
"../../../Engine/Content/EngineSky/VolumetricClouds/m_SimpleVolumetricCloud_Inst.uasset" 323
"../../../Engine/Content/EngineSky/VolumetricClouds/m_SimpleVolumetricCloud_Inst.uexp" 324
"../../../Engine/Content/EngineResources/FilmGrains/Marcie_Grain_v3_128_M2_000.uasset" 325
"../../../Engine/Content/EngineResources/FilmGrains/Marcie_Grain_v3_128_M2_000.uexp" 326
"../../../Engine/Content/Functions/Engine_MaterialFunctions01/Shading/PowerToRoughness.uasset" 327
"../../../Engine/Content/Functions/Engine_MaterialFunctions01/Shading/PowerToRoughness.uexp" 328
"../../../Engine/Content/MobileResources/HUD/VirtualJoystick_Background.uasset" 329
"../../../Engine/Content/MobileResources/HUD/VirtualJoystick_Background.uexp" 330
"../../../Engine/Content/MobileResources/HUD/VirtualJoystick_Thumb.uasset" 331
"../../../Engine/Content/MobileResources/HUD/VirtualJoystick_Thumb.uexp" 332
"../../../Engine/Content/MobileResources/HUD/DefaultVirtualJoysticks.uasset" 333
"../../../Engine/Content/MobileResources/HUD/DefaultVirtualJoysticks.uexp" 334
"../../../Engine/Plugins/2D/Paper2D/Content/PlaceholderTextures/DummySpriteTexture.ubulk" 335
"../../../Engine/Plugins/2D/Paper2D/Content/PlaceholderTextures/DummySpriteTexture.uasset" 336
"../../../Engine/Plugins/2D/Paper2D/Content/PlaceholderTextures/DummySpriteTexture.uexp" 337
"../../../Engine/Plugins/2D/Paper2D/Content/DefaultSpriteMaterial.uasset" 338
"../../../Engine/Plugins/2D/Paper2D/Content/DefaultSpriteMaterial.uexp" 339
"../../../Engine/Plugins/2D/Paper2D/Content/OpaqueUnlitSpriteMaterial.uasset" 340
"../../../Engine/Plugins/2D/Paper2D/Content/OpaqueUnlitSpriteMaterial.uexp" 341
"../../../Engine/Plugins/2D/Paper2D/Content/MaskedUnlitSpriteMaterial.uasset" 342
"../../../Engine/Plugins/2D/Paper2D/Content/MaskedUnlitSpriteMaterial.uexp" 343
"../../../Engine/Plugins/2D/Paper2D/Content/DummySprite.uasset" 344
"../../../Engine/Plugins/2D/Paper2D/Content/DummySprite.uexp" 345
"../../../Engine/Plugins/2D/Paper2D/Content/DefaultPaperTerrainMaterial.uasset" 346
"../../../Engine/Plugins/2D/Paper2D/Content/DefaultPaperTerrainMaterial.uexp" 347
"../../../Engine/Plugins/Animation/ControlRig/Content/M_Manip.uasset" 348
"../../../Engine/Plugins/Animation/ControlRig/Content/M_Manip.uexp" 349
"../../../Engine/Plugins/Animation/ControlRig/Content/Controls/DefaultGizmoLibraryNormalized.uasset" 350
"../../../Engine/Plugins/Animation/ControlRig/Content/Controls/DefaultGizmoLibraryNormalized.uexp" 351
"../../../Engine/Plugins/Animation/ControlRig/Content/Controls/ControlRig_Wedge_solid.ubulk" 352
"../../../Engine/Plugins/Animation/ControlRig/Content/Controls/ControlRig_Wedge_solid.uasset" 353
"../../../Engine/Plugins/Animation/ControlRig/Content/Controls/ControlRig_Wedge_solid.uexp" 354
"../../../Engine/Plugins/Animation/ControlRig/Content/Controls/ControlRig_Wedge_3mm.ubulk" 355
"../../../Engine/Plugins/Animation/ControlRig/Content/Controls/ControlRig_Wedge_3mm.uasset" 356
"../../../Engine/Plugins/Animation/ControlRig/Content/Controls/ControlRig_Wedge_3mm.uexp" 357
"../../../Engine/Plugins/Animation/ControlRig/Content/Controls/ControlRig_Wedge_1mm.ubulk" 358
"../../../Engine/Plugins/Animation/ControlRig/Content/Controls/ControlRig_Wedge_1mm.uasset" 359
"../../../Engine/Plugins/Animation/ControlRig/Content/Controls/ControlRig_Wedge_1mm.uexp" 360
"../../../Engine/Plugins/Animation/ControlRig/Content/Controls/ControlRig_Triangle_solid.ubulk" 361
"../../../Engine/Plugins/Animation/ControlRig/Content/Controls/ControlRig_Triangle_solid.uasset" 362
"../../../Engine/Plugins/Animation/ControlRig/Content/Controls/ControlRig_Triangle_solid.uexp" 363
"../../../Engine/Plugins/Animation/ControlRig/Content/Controls/ControlRig_Triangle_3mm.ubulk" 364
"../../../Engine/Plugins/Animation/ControlRig/Content/Controls/ControlRig_Triangle_3mm.uasset" 365
"../../../Engine/Plugins/Animation/ControlRig/Content/Controls/ControlRig_Triangle_3mm.uexp" 366
"../../../Engine/Plugins/Animation/ControlRig/Content/Controls/ControlRig_Triangle_1mm.ubulk" 367
"../../../Engine/Plugins/Animation/ControlRig/Content/Controls/ControlRig_Triangle_1mm.uasset" 368
"../../../Engine/Plugins/Animation/ControlRig/Content/Controls/ControlRig_Triangle_1mm.uexp" 369
"../../../Engine/Plugins/Animation/ControlRig/Content/Controls/ControlRig_Star4_solid.ubulk" 370
"../../../Engine/Plugins/Animation/ControlRig/Content/Controls/ControlRig_Star4_solid.uasset" 371
"../../../Engine/Plugins/Animation/ControlRig/Content/Controls/ControlRig_Star4_solid.uexp" 372
"../../../Engine/Plugins/Animation/ControlRig/Content/Controls/ControlRig_Star4_3mm.ubulk" 373
"../../../Engine/Plugins/Animation/ControlRig/Content/Controls/ControlRig_Star4_3mm.uasset" 374
"../../../Engine/Plugins/Animation/ControlRig/Content/Controls/ControlRig_Star4_3mm.uexp" 375
"../../../Engine/Plugins/Animation/ControlRig/Content/Controls/ControlRig_Star4_1mm.ubulk" 376
"../../../Engine/Plugins/Animation/ControlRig/Content/Controls/ControlRig_Star4_1mm.uasset" 377
"../../../Engine/Plugins/Animation/ControlRig/Content/Controls/ControlRig_Star4_1mm.uexp" 378
"../../../Engine/Plugins/Animation/ControlRig/Content/Controls/ControlRig_Square_solid.ubulk" 379
"../../../Engine/Plugins/Animation/ControlRig/Content/Controls/ControlRig_Square_solid.uasset" 380
"../../../Engine/Plugins/Animation/ControlRig/Content/Controls/ControlRig_Square_solid.uexp" 381
"../../../Engine/Plugins/Animation/ControlRig/Content/Controls/ControlRig_Square_3mm.ubulk" 382
"../../../Engine/Plugins/Animation/ControlRig/Content/Controls/ControlRig_Square_3mm.uasset" 383
"../../../Engine/Plugins/Animation/ControlRig/Content/Controls/ControlRig_Square_3mm.uexp" 384
"../../../Engine/Plugins/Animation/ControlRig/Content/Controls/ControlRig_Square_1mm.ubulk" 385
"../../../Engine/Plugins/Animation/ControlRig/Content/Controls/ControlRig_Square_1mm.uasset" 386
"../../../Engine/Plugins/Animation/ControlRig/Content/Controls/ControlRig_Square_1mm.uexp" 387
"../../../Engine/Plugins/Animation/ControlRig/Content/Controls/ControlRig_Sphere_solid.ubulk" 388
"../../../Engine/Plugins/Animation/ControlRig/Content/Controls/ControlRig_Sphere_solid.uasset" 389
"../../../Engine/Plugins/Animation/ControlRig/Content/Controls/ControlRig_Sphere_solid.uexp" 390
"../../../Engine/Plugins/Animation/ControlRig/Content/Controls/ControlRig_Sphere_3mm.ubulk" 391
"../../../Engine/Plugins/Animation/ControlRig/Content/Controls/ControlRig_Sphere_3mm.uasset" 392
"../../../Engine/Plugins/Animation/ControlRig/Content/Controls/ControlRig_Sphere_3mm.uexp" 393
"../../../Engine/Plugins/Animation/ControlRig/Content/Controls/ControlRig_Sphere_1mm.ubulk" 394
"../../../Engine/Plugins/Animation/ControlRig/Content/Controls/ControlRig_Sphere_1mm.uasset" 395
"../../../Engine/Plugins/Animation/ControlRig/Content/Controls/ControlRig_Sphere_1mm.uexp" 396
"../../../Engine/Plugins/Animation/ControlRig/Content/Controls/ControlRig_RoundedTriangle_solid.ubulk" 397
"../../../Engine/Plugins/Animation/ControlRig/Content/Controls/ControlRig_RoundedTriangle_solid.uasset" 398
"../../../Engine/Plugins/Animation/ControlRig/Content/Controls/ControlRig_RoundedTriangle_solid.uexp" 399
"../../../Engine/Plugins/Animation/ControlRig/Content/Controls/ControlRig_RoundedTriangle_3mm.ubulk" 400
"../../../Engine/Plugins/Animation/ControlRig/Content/Controls/ControlRig_RoundedTriangle_3mm.uasset" 401
"../../../Engine/Plugins/Animation/ControlRig/Content/Controls/ControlRig_RoundedTriangle_3mm.uexp" 402
"../../../Engine/Plugins/Animation/ControlRig/Content/Controls/ControlRig_RoundedTriangle_1mm.ubulk" 403
"../../../Engine/Plugins/Animation/ControlRig/Content/Controls/ControlRig_RoundedTriangle_1mm.uasset" 404
"../../../Engine/Plugins/Animation/ControlRig/Content/Controls/ControlRig_RoundedTriangle_1mm.uexp" 405
"../../../Engine/Plugins/Animation/ControlRig/Content/Controls/ControlRig_RoundedSquare_solid.ubulk" 406
"../../../Engine/Plugins/Animation/ControlRig/Content/Controls/ControlRig_RoundedSquare_solid.uasset" 407
"../../../Engine/Plugins/Animation/ControlRig/Content/Controls/ControlRig_RoundedSquare_solid.uexp" 408
"../../../Engine/Plugins/Animation/ControlRig/Content/Controls/ControlRig_RoundedSquare_3mm.ubulk" 409
"../../../Engine/Plugins/Animation/ControlRig/Content/Controls/ControlRig_RoundedSquare_3mm.uasset" 410
"../../../Engine/Plugins/Animation/ControlRig/Content/Controls/ControlRig_RoundedSquare_3mm.uexp" 411
"../../../Engine/Plugins/Animation/ControlRig/Content/Controls/ControlRig_RoundedSquare_1mm.ubulk" 412
"../../../Engine/Plugins/Animation/ControlRig/Content/Controls/ControlRig_RoundedSquare_1mm.uasset" 413
"../../../Engine/Plugins/Animation/ControlRig/Content/Controls/ControlRig_RoundedSquare_1mm.uexp" 414
"../../../Engine/Plugins/Animation/ControlRig/Content/Controls/ControlRig_QuarterCircle_solid.ubulk" 415
"../../../Engine/Plugins/Animation/ControlRig/Content/Controls/ControlRig_QuarterCircle_solid.uasset" 416
"../../../Engine/Plugins/Animation/ControlRig/Content/Controls/ControlRig_QuarterCircle_solid.uexp" 417
"../../../Engine/Plugins/Animation/ControlRig/Content/Controls/ControlRig_QuarterCircle_3mm.ubulk" 418
"../../../Engine/Plugins/Animation/ControlRig/Content/Controls/ControlRig_QuarterCircle_3mm.uasset" 419
"../../../Engine/Plugins/Animation/ControlRig/Content/Controls/ControlRig_QuarterCircle_3mm.uexp" 420
"../../../Engine/Plugins/Animation/ControlRig/Content/Controls/ControlRig_QuarterCircle_1mm.ubulk" 421
"../../../Engine/Plugins/Animation/ControlRig/Content/Controls/ControlRig_QuarterCircle_1mm.uasset" 422
"../../../Engine/Plugins/Animation/ControlRig/Content/Controls/ControlRig_QuarterCircle_1mm.uexp" 423
"../../../Engine/Plugins/Animation/ControlRig/Content/Controls/ControlRig_Pyramid_solid.ubulk" 424
"../../../Engine/Plugins/Animation/ControlRig/Content/Controls/ControlRig_Pyramid_solid.uasset" 425
"../../../Engine/Plugins/Animation/ControlRig/Content/Controls/ControlRig_Pyramid_solid.uexp" 426
"../../../Engine/Plugins/Animation/ControlRig/Content/Controls/ControlRig_Pyramid_3mm.ubulk" 427
"../../../Engine/Plugins/Animation/ControlRig/Content/Controls/ControlRig_Pyramid_3mm.uasset" 428
"../../../Engine/Plugins/Animation/ControlRig/Content/Controls/ControlRig_Pyramid_3mm.uexp" 429
"../../../Engine/Plugins/Animation/ControlRig/Content/Controls/ControlRig_Pyramid_1mm.ubulk" 430
"../../../Engine/Plugins/Animation/ControlRig/Content/Controls/ControlRig_Pyramid_1mm.uasset" 431
"../../../Engine/Plugins/Animation/ControlRig/Content/Controls/ControlRig_Pyramid_1mm.uexp" 432
"../../../Engine/Plugins/Animation/ControlRig/Content/Controls/ControlRig_Octagon_solid.ubulk" 433
"../../../Engine/Plugins/Animation/ControlRig/Content/Controls/ControlRig_Octagon_solid.uasset" 434
"../../../Engine/Plugins/Animation/ControlRig/Content/Controls/ControlRig_Octagon_solid.uexp" 435
"../../../Engine/Plugins/Animation/ControlRig/Content/Controls/ControlRig_Octagon_3mm.ubulk" 436
"../../../Engine/Plugins/Animation/ControlRig/Content/Controls/ControlRig_Octagon_3mm.uasset" 437
"../../../Engine/Plugins/Animation/ControlRig/Content/Controls/ControlRig_Octagon_3mm.uexp" 438
"../../../Engine/Plugins/Animation/ControlRig/Content/Controls/ControlRig_Octagon_1mm.ubulk" 439
"../../../Engine/Plugins/Animation/ControlRig/Content/Controls/ControlRig_Octagon_1mm.uasset" 440
"../../../Engine/Plugins/Animation/ControlRig/Content/Controls/ControlRig_Octagon_1mm.uexp" 441
"../../../Engine/Plugins/Animation/ControlRig/Content/Controls/ControlRig_Hexagon_solid.ubulk" 442
"../../../Engine/Plugins/Animation/ControlRig/Content/Controls/ControlRig_Hexagon_solid.uasset" 443
"../../../Engine/Plugins/Animation/ControlRig/Content/Controls/ControlRig_Hexagon_solid.uexp" 444
"../../../Engine/Plugins/Animation/ControlRig/Content/Controls/ControlRig_Hexagon_3mm.ubulk" 445
"../../../Engine/Plugins/Animation/ControlRig/Content/Controls/ControlRig_Hexagon_3mm.uasset" 446
"../../../Engine/Plugins/Animation/ControlRig/Content/Controls/ControlRig_Hexagon_3mm.uexp" 447
"../../../Engine/Plugins/Animation/ControlRig/Content/Controls/ControlRig_Hexagon_1mm.ubulk" 448
"../../../Engine/Plugins/Animation/ControlRig/Content/Controls/ControlRig_Hexagon_1mm.uasset" 449
"../../../Engine/Plugins/Animation/ControlRig/Content/Controls/ControlRig_Hexagon_1mm.uexp" 450
"../../../Engine/Plugins/Animation/ControlRig/Content/Controls/ControlRig_HalfCircle_solid.ubulk" 451
"../../../Engine/Plugins/Animation/ControlRig/Content/Controls/ControlRig_HalfCircle_solid.uasset" 452
"../../../Engine/Plugins/Animation/ControlRig/Content/Controls/ControlRig_HalfCircle_solid.uexp" 453
"../../../Engine/Plugins/Animation/ControlRig/Content/Controls/ControlRig_HalfCircle_3mm.ubulk" 454
"../../../Engine/Plugins/Animation/ControlRig/Content/Controls/ControlRig_HalfCircle_3mm.uasset" 455
"../../../Engine/Plugins/Animation/ControlRig/Content/Controls/ControlRig_HalfCircle_3mm.uexp" 456
"../../../Engine/Plugins/Animation/ControlRig/Content/Controls/ControlRig_HalfCircle_1mm.ubulk" 457
"../../../Engine/Plugins/Animation/ControlRig/Content/Controls/ControlRig_HalfCircle_1mm.uasset" 458
"../../../Engine/Plugins/Animation/ControlRig/Content/Controls/ControlRig_HalfCircle_1mm.uexp" 459
"../../../Engine/Plugins/Animation/ControlRig/Content/Controls/ControlRig_Diamond_solid.ubulk" 460
"../../../Engine/Plugins/Animation/ControlRig/Content/Controls/ControlRig_Diamond_solid.uasset" 461
"../../../Engine/Plugins/Animation/ControlRig/Content/Controls/ControlRig_Diamond_solid.uexp" 462
"../../../Engine/Plugins/Animation/ControlRig/Content/Controls/ControlRig_Diamond_3mm.ubulk" 463
"../../../Engine/Plugins/Animation/ControlRig/Content/Controls/ControlRig_Diamond_3mm.uasset" 464
"../../../Engine/Plugins/Animation/ControlRig/Content/Controls/ControlRig_Diamond_3mm.uexp" 465
"../../../Engine/Plugins/Animation/ControlRig/Content/Controls/ControlRig_Diamond_1mm.ubulk" 466
"../../../Engine/Plugins/Animation/ControlRig/Content/Controls/ControlRig_Diamond_1mm.uasset" 467
"../../../Engine/Plugins/Animation/ControlRig/Content/Controls/ControlRig_Diamond_1mm.uexp" 468
"../../../Engine/Plugins/Animation/ControlRig/Content/Controls/ControlRig_Circle_solid.ubulk" 469
"../../../Engine/Plugins/Animation/ControlRig/Content/Controls/ControlRig_Circle_solid.uasset" 470
"../../../Engine/Plugins/Animation/ControlRig/Content/Controls/ControlRig_Circle_solid.uexp" 471
"../../../Engine/Plugins/Animation/ControlRig/Content/Controls/ControlRig_Circle_3mm.ubulk" 472
"../../../Engine/Plugins/Animation/ControlRig/Content/Controls/ControlRig_Circle_3mm.uasset" 473
"../../../Engine/Plugins/Animation/ControlRig/Content/Controls/ControlRig_Circle_3mm.uexp" 474
"../../../Engine/Plugins/Animation/ControlRig/Content/Controls/ControlRig_Circle_1mm.ubulk" 475
"../../../Engine/Plugins/Animation/ControlRig/Content/Controls/ControlRig_Circle_1mm.uasset" 476
"../../../Engine/Plugins/Animation/ControlRig/Content/Controls/ControlRig_Circle_1mm.uexp" 477
"../../../Engine/Plugins/Animation/ControlRig/Content/Controls/ControlRig_Box_solid.ubulk" 478
"../../../Engine/Plugins/Animation/ControlRig/Content/Controls/ControlRig_Box_solid.uasset" 479
"../../../Engine/Plugins/Animation/ControlRig/Content/Controls/ControlRig_Box_solid.uexp" 480
"../../../Engine/Plugins/Animation/ControlRig/Content/Controls/ControlRig_Box_3mm.ubulk" 481
"../../../Engine/Plugins/Animation/ControlRig/Content/Controls/ControlRig_Box_3mm.uasset" 482
"../../../Engine/Plugins/Animation/ControlRig/Content/Controls/ControlRig_Box_3mm.uexp" 483
"../../../Engine/Plugins/Animation/ControlRig/Content/Controls/ControlRig_Box_1mm.ubulk" 484
"../../../Engine/Plugins/Animation/ControlRig/Content/Controls/ControlRig_Box_1mm.uasset" 485
"../../../Engine/Plugins/Animation/ControlRig/Content/Controls/ControlRig_Box_1mm.uexp" 486
"../../../Engine/Plugins/Animation/ControlRig/Content/Controls/ControlRig_Arrow_solid.ubulk" 487
"../../../Engine/Plugins/Animation/ControlRig/Content/Controls/ControlRig_Arrow_solid.uasset" 488
"../../../Engine/Plugins/Animation/ControlRig/Content/Controls/ControlRig_Arrow_solid.uexp" 489
"../../../Engine/Plugins/Animation/ControlRig/Content/Controls/ControlRig_Arrow_3mm.ubulk" 490
"../../../Engine/Plugins/Animation/ControlRig/Content/Controls/ControlRig_Arrow_3mm.uasset" 491
"../../../Engine/Plugins/Animation/ControlRig/Content/Controls/ControlRig_Arrow_3mm.uexp" 492
"../../../Engine/Plugins/Animation/ControlRig/Content/Controls/ControlRig_Arrow_1mm.ubulk" 493
"../../../Engine/Plugins/Animation/ControlRig/Content/Controls/ControlRig_Arrow_1mm.uasset" 494
"../../../Engine/Plugins/Animation/ControlRig/Content/Controls/ControlRig_Arrow_1mm.uexp" 495
"../../../Engine/Plugins/Animation/ControlRig/Content/Controls/ControlRig_Arrow4_solid.ubulk" 496
"../../../Engine/Plugins/Animation/ControlRig/Content/Controls/ControlRig_Arrow4_solid.uasset" 497
"../../../Engine/Plugins/Animation/ControlRig/Content/Controls/ControlRig_Arrow4_solid.uexp" 498
"../../../Engine/Plugins/Animation/ControlRig/Content/Controls/ControlRig_Arrow4_3mm.ubulk" 499
"../../../Engine/Plugins/Animation/ControlRig/Content/Controls/ControlRig_Arrow4_3mm.uasset" 500
"../../../Engine/Plugins/Animation/ControlRig/Content/Controls/ControlRig_Arrow4_3mm.uexp" 501
"../../../Engine/Plugins/Animation/ControlRig/Content/Controls/ControlRig_Arrow4_1mm.ubulk" 502
"../../../Engine/Plugins/Animation/ControlRig/Content/Controls/ControlRig_Arrow4_1mm.uasset" 503
"../../../Engine/Plugins/Animation/ControlRig/Content/Controls/ControlRig_Arrow4_1mm.uexp" 504
"../../../Engine/Plugins/Animation/ControlRig/Content/Controls/ControlRig_Arrow2_solid.ubulk" 505
"../../../Engine/Plugins/Animation/ControlRig/Content/Controls/ControlRig_Arrow2_solid.uasset" 506
"../../../Engine/Plugins/Animation/ControlRig/Content/Controls/ControlRig_Arrow2_solid.uexp" 507
"../../../Engine/Plugins/Animation/ControlRig/Content/Controls/ControlRig_Arrow2_3mm.ubulk" 508
"../../../Engine/Plugins/Animation/ControlRig/Content/Controls/ControlRig_Arrow2_3mm.uasset" 509
"../../../Engine/Plugins/Animation/ControlRig/Content/Controls/ControlRig_Arrow2_3mm.uexp" 510
"../../../Engine/Plugins/Animation/ControlRig/Content/Controls/ControlRig_Arrow2_1mm.ubulk" 511
"../../../Engine/Plugins/Animation/ControlRig/Content/Controls/ControlRig_Arrow2_1mm.uasset" 512
"../../../Engine/Plugins/Animation/ControlRig/Content/Controls/ControlRig_Arrow2_1mm.uexp" 513
"../../../Engine/Plugins/Animation/ControlRig/Content/Controls/ControlRigXRayMaterial.uasset" 514
"../../../Engine/Plugins/Animation/ControlRig/Content/Controls/ControlRigXRayMaterial.uexp" 515
"../../../Engine/Plugins/Animation/ControlRig/Content/Controls/ControlRigGizmoMaterial.uasset" 516
"../../../Engine/Plugins/Animation/ControlRig/Content/Controls/ControlRigGizmoMaterial.uexp" 517
"../../../Engine/Plugins/Editor/SpeedTreeImporter/Content/SpeedTree9/game_wind_noise.ubulk" 518
"../../../Engine/Plugins/Editor/SpeedTreeImporter/Content/SpeedTree9/game_wind_noise.uasset" 519
"../../../Engine/Plugins/Editor/SpeedTreeImporter/Content/SpeedTree9/game_wind_noise.uexp" 520
"../../../Engine/Plugins/Editor/SpeedTreeImporter/Content/SpeedTree9/UnpackDirection.uasset" 521
"../../../Engine/Plugins/Editor/SpeedTreeImporter/Content/SpeedTree9/UnpackDirection.uexp" 522
"../../../Engine/Content/Functions/Engine_MaterialFunctions02/ObjectLocalBounds.uasset" 523
"../../../Engine/Content/Functions/Engine_MaterialFunctions02/ObjectLocalBounds.uexp" 524
"../../../Engine/Content/Functions/Engine_MaterialFunctions02/UVs/BoundingBoxBased_0-1_UVW.uasset" 525
"../../../Engine/Content/Functions/Engine_MaterialFunctions02/UVs/BoundingBoxBased_0-1_UVW.uexp" 526
"../../../Engine/Content/Functions/Engine_MaterialFunctions02/Utility/VectorLength.uasset" 527
"../../../Engine/Content/Functions/Engine_MaterialFunctions02/Utility/VectorLength.uexp" 528
"../../../Engine/Plugins/Editor/SpeedTreeImporter/Content/SpeedTree9/UnpackInteger3.uasset" 529
"../../../Engine/Plugins/Editor/SpeedTreeImporter/Content/SpeedTree9/UnpackInteger3.uexp" 530
"../../../Engine/Plugins/Editor/SpeedTreeImporter/Content/SpeedTree9/SpeedTreeCameraFacing.uasset" 531
"../../../Engine/Plugins/Editor/SpeedTreeImporter/Content/SpeedTree9/SpeedTreeCameraFacing.uexp" 532
"../../../Engine/Content/Functions/Engine_MaterialFunctions02/WorldPositionOffset/ObjectScale.uasset" 533
"../../../Engine/Content/Functions/Engine_MaterialFunctions02/WorldPositionOffset/ObjectScale.uexp" 534
"../../../Engine/Content/Functions/Engine_MaterialFunctions02/SafeNormalize.uasset" 535
"../../../Engine/Content/Functions/Engine_MaterialFunctions02/SafeNormalize.uexp" 536
"../../../Engine/Plugins/Editor/SpeedTreeImporter/Content/SpeedTree9/SpeedTreeWindMotion.uasset" 537
"../../../Engine/Plugins/Editor/SpeedTreeImporter/Content/SpeedTree9/SpeedTreeWindMotion.uexp" 538
"../../../Engine/Plugins/Editor/SpeedTreeImporter/Content/SpeedTree9/SpeedTreeBranchMotion.uasset" 539
"../../../Engine/Plugins/Editor/SpeedTreeImporter/Content/SpeedTree9/SpeedTreeBranchMotion.uexp" 540
"../../../Engine/Plugins/Editor/SpeedTreeImporter/Content/SpeedTree9/SpeedTreeWind.uasset" 541
"../../../Engine/Plugins/Editor/SpeedTreeImporter/Content/SpeedTree9/SpeedTreeWind.uexp" 542
"../../../Engine/Plugins/Editor/SpeedTreeImporter/Content/SpeedTree9/EmptyNormal.uasset" 543
"../../../Engine/Plugins/Editor/SpeedTreeImporter/Content/SpeedTree9/EmptyNormal.uexp" 544
"../../../Engine/Plugins/Editor/SpeedTreeImporter/Content/SpeedTree9/Empty.uasset" 545
"../../../Engine/Plugins/Editor/SpeedTreeImporter/Content/SpeedTree9/Empty.uexp" 546
"../../../Engine/Plugins/Editor/SpeedTreeImporter/Content/SpeedTree9/SpeedTreeMaster.uasset" 547
"../../../Engine/Plugins/Editor/SpeedTreeImporter/Content/SpeedTree9/SpeedTreeMaster.uexp" 548
"../../../Engine/Plugins/Editor/SpeedTreeImporter/Content/SpeedTree9/SpeedTreeBillboard.uasset" 549
"../../../Engine/Plugins/Editor/SpeedTreeImporter/Content/SpeedTree9/SpeedTreeBillboard.uexp" 550
"../../../Engine/Plugins/Editor/SpeedTreeImporter/Content/SpeedTree9/SpeedTreeBillboardMaster.uasset" 551
"../../../Engine/Plugins/Editor/SpeedTreeImporter/Content/SpeedTree9/SpeedTreeBillboardMaster.uexp" 552
"../../../Engine/Content/Functions/Engine_MaterialFunctions02/Texturing/CustomRotator.uasset" 553
"../../../Engine/Content/Functions/Engine_MaterialFunctions02/Texturing/CustomRotator.uexp" 554
"../../../Engine/Content/Functions/Engine_MaterialFunctions02/Texturing/ScreenAlignedPixelToPixelUVs.uasset" 555
"../../../Engine/Content/Functions/Engine_MaterialFunctions02/Texturing/ScreenAlignedPixelToPixelUVs.uexp" 556
"../../../Engine/Plugins/Interchange/Runtime/Content/Utilities/T_Bayer64_Grayscale_64px.uasset" 557
"../../../Engine/Plugins/Interchange/Runtime/Content/Utilities/T_Bayer64_Grayscale_64px.uexp" 558
"../../../Engine/Plugins/Interchange/Runtime/Content/gltf/MaterialFunctions/MF_Temporal_Blur.uasset" 559
"../../../Engine/Plugins/Interchange/Runtime/Content/gltf/MaterialFunctions/MF_Temporal_Blur.uexp" 560
"../../../Engine/Plugins/Interchange/Runtime/Content/gltf/MaterialFunctions/MF_Fresnel_DS.uasset" 561
"../../../Engine/Plugins/Interchange/Runtime/Content/gltf/MaterialFunctions/MF_Fresnel_DS.uexp" 562
"../../../Engine/Plugins/Interchange/Runtime/Content/Functions/MX_Transmission.uasset" 563
"../../../Engine/Plugins/Interchange/Runtime/Content/Functions/MX_Transmission.uexp" 564
"../../../Engine/Plugins/Interchange/Runtime/Content/Functions/MF_OrenNayerView.uasset" 565
"../../../Engine/Plugins/Interchange/Runtime/Content/Functions/MF_OrenNayerView.uexp" 566
"../../../Engine/Plugins/Interchange/Runtime/Content/Functions/MF_SchlickApprox.uasset" 567
"../../../Engine/Plugins/Interchange/Runtime/Content/Functions/MF_SchlickApprox.uexp" 568
"../../../Engine/Plugins/Interchange/Runtime/Content/Utilities/New_LUT.uasset" 569
"../../../Engine/Plugins/Interchange/Runtime/Content/Utilities/New_LUT.uexp" 570
"../../../Engine/Content/Functions/Engine_MaterialFunctions03/Math/RemapValueRange.uasset" 571
"../../../Engine/Content/Functions/Engine_MaterialFunctions03/Math/RemapValueRange.uexp" 572
"../../../Engine/Plugins/Interchange/Runtime/Content/Functions/MF_Iridescence.uasset" 573
"../../../Engine/Plugins/Interchange/Runtime/Content/Functions/MF_Iridescence.uexp" 574
"../../../Engine/Plugins/Interchange/Runtime/Content/Functions/MX_StandardSurface.uasset" 575
"../../../Engine/Plugins/Interchange/Runtime/Content/Functions/MX_StandardSurface.uexp" 576
"../../../Engine/Plugins/Interchange/Runtime/Content/Functions/MX_TransmissionSurface.uasset" 577
"../../../Engine/Plugins/Interchange/Runtime/Content/Functions/MX_TransmissionSurface.uexp" 578
"../../../Engine/Content/Functions/Engine_MaterialFunctions02/Math/AddComponents.uasset" 579
"../../../Engine/Content/Functions/Engine_MaterialFunctions02/Math/AddComponents.uexp" 580
"../../../Engine/Content/Functions/Engine_MaterialFunctions02/WorldPositionOffset/V2/ObjectScale.uasset" 581
"../../../Engine/Content/Functions/Engine_MaterialFunctions02/WorldPositionOffset/V2/ObjectScale.uexp" 582
"../../../Engine/Plugins/Interchange/Runtime/Content/gltf/MaterialFunctions/MF_TransmissionOpacity.uasset" 583
"../../../Engine/Plugins/Interchange/Runtime/Content/gltf/MaterialFunctions/MF_TransmissionOpacity.uexp" 584
"../../../Engine/Plugins/Interchange/Runtime/Content/gltf/MaterialFunctions/MF_RotateV2.uasset" 585
"../../../Engine/Plugins/Interchange/Runtime/Content/gltf/MaterialFunctions/MF_RotateV2.uexp" 586
"../../../Engine/Plugins/Interchange/Runtime/Content/gltf/MaterialFunctions/MF_TransformUVs.uasset" 587
"../../../Engine/Plugins/Interchange/Runtime/Content/gltf/MaterialFunctions/MF_TransformUVs.uexp" 588
"../../../Engine/Plugins/Interchange/Runtime/Content/gltf/Textures/T_White_srgb.uasset" 589
"../../../Engine/Plugins/Interchange/Runtime/Content/gltf/Textures/T_White_srgb.uexp" 590
"../../../Engine/Plugins/Interchange/Runtime/Content/gltf/MaterialFunctions/MF_BaseColor.uasset" 591
"../../../Engine/Plugins/Interchange/Runtime/Content/gltf/MaterialFunctions/MF_BaseColor.uexp" 592
"../../../Engine/Plugins/Interchange/Runtime/Content/gltf/MaterialFunctions/MF_DiffuseSpecGloss.uasset" 593
"../../../Engine/Plugins/Interchange/Runtime/Content/gltf/MaterialFunctions/MF_DiffuseSpecGloss.uexp" 594
"../../../Engine/Plugins/Interchange/Runtime/Content/gltf/Textures/T_White_Linear.uasset" 595
"../../../Engine/Plugins/Interchange/Runtime/Content/gltf/Textures/T_White_Linear.uexp" 596
"../../../Engine/Plugins/Interchange/Runtime/Content/gltf/MaterialFunctions/MF_MetallicRoughness.uasset" 597
"../../../Engine/Plugins/Interchange/Runtime/Content/gltf/MaterialFunctions/MF_MetallicRoughness.uexp" 598
"../../../Engine/Plugins/Interchange/Runtime/Content/gltf/MaterialFunctions/MF_Transmission.uasset" 599
"../../../Engine/Plugins/Interchange/Runtime/Content/gltf/MaterialFunctions/MF_Transmission.uexp" 600
"../../../Engine/Plugins/Interchange/Runtime/Content/gltf/MaterialFunctions/MF_Occlusion.uasset" 601
"../../../Engine/Plugins/Interchange/Runtime/Content/gltf/MaterialFunctions/MF_Occlusion.uexp" 602
"../../../Engine/Plugins/Interchange/Runtime/Content/gltf/MaterialFunctions/MF_Specular.uasset" 603
"../../../Engine/Plugins/Interchange/Runtime/Content/gltf/MaterialFunctions/MF_Specular.uexp" 604
"../../../Engine/Plugins/Interchange/Runtime/Content/gltf/MaterialFunctions/MF_IOR.uasset" 605
"../../../Engine/Plugins/Interchange/Runtime/Content/gltf/MaterialFunctions/MF_IOR.uexp" 606
"../../../Engine/Content/Functions/Engine_MaterialFunctions01/Texturing/FlattenNormal.uasset" 607
"../../../Engine/Content/Functions/Engine_MaterialFunctions01/Texturing/FlattenNormal.uexp" 608
"../../../Engine/Content/Functions/Engine_MaterialFunctions02/Math/Transform3x3Matrix.uasset" 609
"../../../Engine/Content/Functions/Engine_MaterialFunctions02/Math/Transform3x3Matrix.uexp" 610
"../../../Engine/Plugins/Interchange/Runtime/Content/gltf/MaterialFunctions/MF_RotateNormals_TS.uasset" 611
"../../../Engine/Plugins/Interchange/Runtime/Content/gltf/MaterialFunctions/MF_RotateNormals_TS.uexp" 612
"../../../Engine/Plugins/Interchange/Runtime/Content/gltf/Textures/T_Generic_N.uasset" 613
"../../../Engine/Plugins/Interchange/Runtime/Content/gltf/Textures/T_Generic_N.uexp" 614
"../../../Engine/Plugins/Interchange/Runtime/Content/gltf/MaterialFunctions/MF_Normals.uasset" 615
"../../../Engine/Plugins/Interchange/Runtime/Content/gltf/MaterialFunctions/MF_Normals.uexp" 616
"../../../Engine/Plugins/Interchange/Runtime/Content/gltf/MaterialFunctions/MF_PerceivedBrightness.uasset" 617
"../../../Engine/Plugins/Interchange/Runtime/Content/gltf/MaterialFunctions/MF_PerceivedBrightness.uexp" 618
"../../../Engine/Plugins/Interchange/Runtime/Content/gltf/MaterialFunctions/MF_SpecGlossToMetalRoughness.uasset" 619
"../../../Engine/Plugins/Interchange/Runtime/Content/gltf/MaterialFunctions/MF_SpecGlossToMetalRoughness.uexp" 620
"../../../Engine/Plugins/Interchange/Runtime/Content/gltf/M_Transmission.uasset" 621
"../../../Engine/Plugins/Interchange/Runtime/Content/gltf/M_Transmission.uexp" 622
"../../../Engine/Plugins/Interchange/Runtime/Content/gltf/MaterialInstances_MR/MI_Transmission_TS.uasset" 623
"../../../Engine/Plugins/Interchange/Runtime/Content/gltf/MaterialInstances_MR/MI_Transmission_TS.uexp" 624
"../../../Engine/Plugins/Interchange/Runtime/Content/gltf/MaterialInstances_MR/MI_Transmission.uasset" 625
"../../../Engine/Plugins/Interchange/Runtime/Content/gltf/MaterialInstances_MR/MI_Transmission.uexp" 626
"../../../Engine/Plugins/Interchange/Runtime/Content/gltf/MaterialFunctions/MF_Clearcoat.uasset" 627
"../../../Engine/Plugins/Interchange/Runtime/Content/gltf/MaterialFunctions/MF_Clearcoat.uexp" 628
"../../../Engine/Plugins/Interchange/Runtime/Content/gltf/MaterialFunctions/MF_Emissive.uasset" 629
"../../../Engine/Plugins/Interchange/Runtime/Content/gltf/MaterialFunctions/MF_Emissive.uexp" 630
"../../../Engine/Plugins/Interchange/Runtime/Content/gltf/M_Translucent.uasset" 631
"../../../Engine/Plugins/Interchange/Runtime/Content/gltf/M_Translucent.uexp" 632
"../../../Engine/Plugins/Interchange/Runtime/Content/gltf/MaterialInstances_MR/MI_Translucent_TS.uasset" 633
"../../../Engine/Plugins/Interchange/Runtime/Content/gltf/MaterialInstances_MR/MI_Translucent_TS.uexp" 634
"../../../Engine/Plugins/Interchange/Runtime/Content/gltf/MaterialInstances_MR/MI_Translucent_ClearCoat_TS.uasset" 635
"../../../Engine/Plugins/Interchange/Runtime/Content/gltf/MaterialInstances_MR/MI_Translucent_ClearCoat_TS.uexp" 636
"../../../Engine/Plugins/Interchange/Runtime/Content/gltf/MaterialInstances_MR/MI_Translucent_ClearCoat.uasset" 637
"../../../Engine/Plugins/Interchange/Runtime/Content/gltf/MaterialInstances_MR/MI_Translucent_ClearCoat.uexp" 638
"../../../Engine/Plugins/Interchange/Runtime/Content/gltf/MaterialInstances_MR/MI_Translucent.uasset" 639
"../../../Engine/Plugins/Interchange/Runtime/Content/gltf/MaterialInstances_MR/MI_Translucent.uexp" 640
"../../../Engine/Plugins/Interchange/Runtime/Content/gltf/M_Unlit.uasset" 641
"../../../Engine/Plugins/Interchange/Runtime/Content/gltf/M_Unlit.uexp" 642
"../../../Engine/Plugins/Interchange/Runtime/Content/gltf/MaterialInstances_MR/MI_Opaque_Unlit_TS.uasset" 643
"../../../Engine/Plugins/Interchange/Runtime/Content/gltf/MaterialInstances_MR/MI_Opaque_Unlit_TS.uexp" 644
"../../../Engine/Plugins/Interchange/Runtime/Content/gltf/MaterialInstances_MR/MI_Opaque_Unlit.uasset" 645
"../../../Engine/Plugins/Interchange/Runtime/Content/gltf/MaterialInstances_MR/MI_Opaque_Unlit.uexp" 646
"../../../Engine/Plugins/Interchange/Runtime/Content/gltf/M_Opaque.uasset" 647
"../../../Engine/Plugins/Interchange/Runtime/Content/gltf/M_Opaque.uexp" 648
"../../../Engine/Plugins/Interchange/Runtime/Content/gltf/MaterialInstances_MR/MI_Opaque_TS.uasset" 649
"../../../Engine/Plugins/Interchange/Runtime/Content/gltf/MaterialInstances_MR/MI_Opaque_TS.uexp" 650
"../../../Engine/Plugins/Interchange/Runtime/Content/gltf/MaterialFunctions/MF_Sheen.uasset" 651
"../../../Engine/Plugins/Interchange/Runtime/Content/gltf/MaterialFunctions/MF_Sheen.uexp" 652
"../../../Engine/Content/Functions/Engine_MaterialFunctions01/Shading/FuzzyShading.uasset" 653
"../../../Engine/Content/Functions/Engine_MaterialFunctions01/Shading/FuzzyShading.uexp" 654
"../../../Engine/Plugins/Interchange/Runtime/Content/gltf/M_Sheen.uasset" 655
"../../../Engine/Plugins/Interchange/Runtime/Content/gltf/M_Sheen.uexp" 656
"../../../Engine/Plugins/Interchange/Runtime/Content/gltf/MaterialInstances_MR/MI_Opaque_Sheen_TS.uasset" 657
"../../../Engine/Plugins/Interchange/Runtime/Content/gltf/MaterialInstances_MR/MI_Opaque_Sheen_TS.uexp" 658
"../../../Engine/Plugins/Interchange/Runtime/Content/gltf/MaterialInstances_MR/MI_Opaque_Sheen.uasset" 659
"../../../Engine/Plugins/Interchange/Runtime/Content/gltf/MaterialInstances_MR/MI_Opaque_Sheen.uexp" 660
"../../../Engine/Plugins/Interchange/Runtime/Content/gltf/MaterialInstances_MR/MI_Opaque_ClearCoat_TS.uasset" 661
"../../../Engine/Plugins/Interchange/Runtime/Content/gltf/MaterialInstances_MR/MI_Opaque_ClearCoat_TS.uexp" 662
"../../../Engine/Plugins/Interchange/Runtime/Content/gltf/MaterialInstances_MR/MI_Opaque_ClearCoat.uasset" 663
"../../../Engine/Plugins/Interchange/Runtime/Content/gltf/MaterialInstances_MR/MI_Opaque_ClearCoat.uexp" 664
"../../../Engine/Plugins/Interchange/Runtime/Content/gltf/MaterialInstances_MR/MI_Opaque.uasset" 665
"../../../Engine/Plugins/Interchange/Runtime/Content/gltf/MaterialInstances_MR/MI_Opaque.uexp" 666
"../../../Engine/Plugins/Interchange/Runtime/Content/gltf/MaterialInstances_SG/MI_Transmission_TS.uasset" 667
"../../../Engine/Plugins/Interchange/Runtime/Content/gltf/MaterialInstances_SG/MI_Transmission_TS.uexp" 668
"../../../Engine/Plugins/Interchange/Runtime/Content/gltf/MaterialInstances_SG/MI_Transmission.uasset" 669
"../../../Engine/Plugins/Interchange/Runtime/Content/gltf/MaterialInstances_SG/MI_Transmission.uexp" 670
"../../../Engine/Plugins/Interchange/Runtime/Content/gltf/MaterialInstances_SG/MI_Translucent_TS.uasset" 671
"../../../Engine/Plugins/Interchange/Runtime/Content/gltf/MaterialInstances_SG/MI_Translucent_TS.uexp" 672
"../../../Engine/Plugins/Interchange/Runtime/Content/gltf/MaterialInstances_SG/MI_Translucent_ClearCoat_TS.uasset" 673
"../../../Engine/Plugins/Interchange/Runtime/Content/gltf/MaterialInstances_SG/MI_Translucent_ClearCoat_TS.uexp" 674
"../../../Engine/Plugins/Interchange/Runtime/Content/gltf/MaterialInstances_SG/MI_Translucent_ClearCoat.uasset" 675
"../../../Engine/Plugins/Interchange/Runtime/Content/gltf/MaterialInstances_SG/MI_Translucent_ClearCoat.uexp" 676
"../../../Engine/Plugins/Interchange/Runtime/Content/gltf/MaterialInstances_SG/MI_Translucent.uasset" 677
"../../../Engine/Plugins/Interchange/Runtime/Content/gltf/MaterialInstances_SG/MI_Translucent.uexp" 678
"../../../Engine/Plugins/Interchange/Runtime/Content/gltf/MaterialInstances_SG/MI_Opaque_TS.uasset" 679
"../../../Engine/Plugins/Interchange/Runtime/Content/gltf/MaterialInstances_SG/MI_Opaque_TS.uexp" 680
"../../../Engine/Plugins/Interchange/Runtime/Content/gltf/MaterialInstances_SG/MI_Opaque_Sheen_TS.uasset" 681
"../../../Engine/Plugins/Interchange/Runtime/Content/gltf/MaterialInstances_SG/MI_Opaque_Sheen_TS.uexp" 682
"../../../Engine/Plugins/Interchange/Runtime/Content/gltf/MaterialInstances_SG/MI_Opaque_Sheen.uasset" 683
"../../../Engine/Plugins/Interchange/Runtime/Content/gltf/MaterialInstances_SG/MI_Opaque_Sheen.uexp" 684
"../../../Engine/Plugins/Interchange/Runtime/Content/gltf/MaterialInstances_SG/MI_Opaque_ClearCoat_TS.uasset" 685
"../../../Engine/Plugins/Interchange/Runtime/Content/gltf/MaterialInstances_SG/MI_Opaque_ClearCoat_TS.uexp" 686
"../../../Engine/Plugins/Interchange/Runtime/Content/gltf/MaterialInstances_SG/MI_Opaque_ClearCoat.uasset" 687
"../../../Engine/Plugins/Interchange/Runtime/Content/gltf/MaterialInstances_SG/MI_Opaque_ClearCoat.uexp" 688
"../../../Engine/Plugins/Interchange/Runtime/Content/gltf/MaterialInstances_SG/MI_Opaque.uasset" 689
"../../../Engine/Plugins/Interchange/Runtime/Content/gltf/MaterialInstances_SG/MI_Opaque.uexp" 690
"../../../Engine/Plugins/Interchange/Runtime/Content/gltf/Textures/T_Gray_Linear.uasset" 691
"../../../Engine/Plugins/Interchange/Runtime/Content/gltf/Textures/T_Gray_Linear.uexp" 692
"../../../Engine/Plugins/Interchange/Runtime/Content/gltf/Textures/T_Black_srgb.uasset" 693
"../../../Engine/Plugins/Interchange/Runtime/Content/gltf/Textures/T_Black_srgb.uexp" 694
"../../../Engine/Plugins/Interchange/Runtime/Content/Materials/UnlitMaterial.uasset" 695
"../../../Engine/Plugins/Interchange/Runtime/Content/Materials/UnlitMaterial.uexp" 696
"../../../Engine/Content/EngineMaterials/DefaultNormal.ubulk" 697
"../../../Engine/Content/EngineMaterials/DefaultNormal.uasset" 698
"../../../Engine/Content/EngineMaterials/DefaultNormal.uexp" 699
"../../../Engine/Plugins/Interchange/Runtime/Content/Materials/MapOrScalarFunction.uasset" 700
"../../../Engine/Plugins/Interchange/Runtime/Content/Materials/MapOrScalarFunction.uexp" 701
"../../../Engine/Plugins/Interchange/Runtime/Content/Materials/MapOrLinearColorFunction.uasset" 702
"../../../Engine/Plugins/Interchange/Runtime/Content/Materials/MapOrLinearColorFunction.uexp" 703
"../../../Engine/Plugins/Interchange/Runtime/Content/Materials/MapOrColorFunction.uasset" 704
"../../../Engine/Plugins/Interchange/Runtime/Content/Materials/MapOrColorFunction.uexp" 705
"../../../Engine/Plugins/Interchange/Runtime/Content/Materials/CommonMaterial.uasset" 706
"../../../Engine/Plugins/Interchange/Runtime/Content/Materials/CommonMaterial.uexp" 707
"../../../Engine/Plugins/Interchange/Runtime/Content/Materials/PBRSurfaceFunction.uasset" 708
"../../../Engine/Plugins/Interchange/Runtime/Content/Materials/PBRSurfaceFunction.uexp" 709
"../../../Engine/Plugins/Interchange/Runtime/Content/Materials/ThinTranslucentMaterial.uasset" 710
"../../../Engine/Plugins/Interchange/Runtime/Content/Materials/ThinTranslucentMaterial.uexp" 711
"../../../Engine/Plugins/Interchange/Runtime/Content/Materials/SubsurfaceMaterial.uasset" 712
"../../../Engine/Plugins/Interchange/Runtime/Content/Materials/SubsurfaceMaterial.uexp" 713
"../../../Engine/Plugins/Interchange/Runtime/Content/Materials/SheenMaterial.uasset" 714
"../../../Engine/Plugins/Interchange/Runtime/Content/Materials/SheenMaterial.uexp" 715
"../../../Engine/Content/Functions/Engine_MaterialFunctions01/Shading/ConvertFromDiffSpec.uasset" 716
"../../../Engine/Content/Functions/Engine_MaterialFunctions01/Shading/ConvertFromDiffSpec.uexp" 717
"../../../Engine/Plugins/Interchange/Runtime/Content/Materials/PhongSurfaceMaterial.uasset" 718
"../../../Engine/Plugins/Interchange/Runtime/Content/Materials/PhongSurfaceMaterial.uexp" 719
"../../../Engine/Plugins/Interchange/Runtime/Content/Materials/PBRSurfaceMaterial.uasset" 720
"../../../Engine/Plugins/Interchange/Runtime/Content/Materials/PBRSurfaceMaterial.uexp" 721
"../../../Engine/Content/EngineMaterials/FlatNormal.uasset" 722
"../../../Engine/Content/EngineMaterials/FlatNormal.uexp" 723
"../../../Engine/Content/EditorLandscapeResources/WhiteSquareTexture.uasset" 724
"../../../Engine/Content/EditorLandscapeResources/WhiteSquareTexture.uexp" 725
"../../../Engine/Plugins/Interchange/Runtime/Content/Materials/OrenNayerMaterial.uasset" 726
"../../../Engine/Plugins/Interchange/Runtime/Content/Materials/OrenNayerMaterial.uexp" 727
"../../../Engine/Plugins/Interchange/Runtime/Content/Materials/LambertSurfaceMaterial.uasset" 728
"../../../Engine/Plugins/Interchange/Runtime/Content/Materials/LambertSurfaceMaterial.uexp" 729
"../../../Engine/Plugins/Interchange/Runtime/Content/Materials/ClearCoatMaterial.uasset" 730
"../../../Engine/Plugins/Interchange/Runtime/Content/Materials/ClearCoatMaterial.uexp" 731
"../../../Engine/Plugins/Interchange/Runtime/Content/Pipelines/DefaultTexturePipeline.uasset" 732
"../../../Engine/Plugins/Interchange/Runtime/Content/Pipelines/DefaultTexturePipeline.uexp" 733
"../../../Engine/Plugins/Interchange/Runtime/Content/Pipelines/DefaultSceneLevelPipeline.uasset" 734
"../../../Engine/Plugins/Interchange/Runtime/Content/Pipelines/DefaultSceneLevelPipeline.uexp" 735
"../../../Engine/Plugins/Interchange/Runtime/Content/Pipelines/DefaultSceneAssetsPipeline.uasset" 736
"../../../Engine/Plugins/Interchange/Runtime/Content/Pipelines/DefaultSceneAssetsPipeline.uexp" 737
"../../../Engine/Plugins/Interchange/Runtime/Content/Pipelines/DefaultMaterialPipeline.uasset" 738
"../../../Engine/Plugins/Interchange/Runtime/Content/Pipelines/DefaultMaterialPipeline.uexp" 739
"../../../Engine/Plugins/Interchange/Runtime/Content/Pipelines/DefaultAssetsPipeline.uasset" 740
"../../../Engine/Plugins/Interchange/Runtime/Content/Pipelines/DefaultAssetsPipeline.uexp" 741
"../../../Engine/Plugins/Runtime/MeshModelingToolset/Content/Materials/M_DynamicMeshComponentVtxColor.uasset" 742
"../../../Engine/Plugins/Runtime/MeshModelingToolset/Content/Materials/M_DynamicMeshComponentVtxColor.uexp" 743
"C:/Users/1924h/OneDrive/Documents/Unreal Projects/TheChosenOne 5.1/Content/Blueprints/Input/IA_Interact.uasset" 744
"C:/Users/1924h/OneDrive/Documents/Unreal Projects/TheChosenOne 5.1/Content/Blueprints/Input/IA_Interact.uexp" 745
"C:/Users/1924h/OneDrive/Documents/Unreal Projects/TheChosenOne 5.1/Content/Blueprints/Input/IA_Move.uasset" 746
"C:/Users/1924h/OneDrive/Documents/Unreal Projects/TheChosenOne 5.1/Content/Blueprints/Input/IA_Move.uexp" 747
"C:/Users/1924h/OneDrive/Documents/Unreal Projects/TheChosenOne 5.1/Content/Blueprints/Input/IMC_Character.uasset" 748
"C:/Users/1924h/OneDrive/Documents/Unreal Projects/TheChosenOne 5.1/Content/Blueprints/Input/IMC_Character.uexp" 749
"../../../Engine/Plugins/2D/Paper2D/Content/TranslucentUnlitSpriteMaterial.uasset" 750
"../../../Engine/Plugins/2D/Paper2D/Content/TranslucentUnlitSpriteMaterial.uexp" 751
"C:/Users/1924h/OneDrive/Documents/Unreal Projects/TheChosenOne 5.1/Content/Assets/Character/main_character.uasset" 752
"C:/Users/1924h/OneDrive/Documents/Unreal Projects/TheChosenOne 5.1/Content/Assets/Character/main_character.uexp" 753
"C:/Users/1924h/OneDrive/Documents/Unreal Projects/TheChosenOne 5.1/Content/Assets/Character/main_character_18.uasset" 754
"C:/Users/1924h/OneDrive/Documents/Unreal Projects/TheChosenOne 5.1/Content/Assets/Character/main_character_18.uexp" 755
"C:/Users/1924h/OneDrive/Documents/Unreal Projects/TheChosenOne 5.1/Content/Assets/Character/main_character_19.uasset" 756
"C:/Users/1924h/OneDrive/Documents/Unreal Projects/TheChosenOne 5.1/Content/Assets/Character/main_character_19.uexp" 757
"C:/Users/1924h/OneDrive/Documents/Unreal Projects/TheChosenOne 5.1/Content/Assets/Character/main_character_20.uasset" 758
"C:/Users/1924h/OneDrive/Documents/Unreal Projects/TheChosenOne 5.1/Content/Assets/Character/main_character_20.uexp" 759
"C:/Users/1924h/OneDrive/Documents/Unreal Projects/TheChosenOne 5.1/Content/Assets/Character/main_character_21.uasset" 760
"C:/Users/1924h/OneDrive/Documents/Unreal Projects/TheChosenOne 5.1/Content/Assets/Character/main_character_21.uexp" 761
"C:/Users/1924h/OneDrive/Documents/Unreal Projects/TheChosenOne 5.1/Content/Assets/Character/main_character_22.uasset" 762
"C:/Users/1924h/OneDrive/Documents/Unreal Projects/TheChosenOne 5.1/Content/Assets/Character/main_character_22.uexp" 763
"C:/Users/1924h/OneDrive/Documents/Unreal Projects/TheChosenOne 5.1/Content/Assets/Character/main_character_23.uasset" 764
"C:/Users/1924h/OneDrive/Documents/Unreal Projects/TheChosenOne 5.1/Content/Assets/Character/main_character_23.uexp" 765
"C:/Users/1924h/OneDrive/Documents/Unreal Projects/TheChosenOne 5.1/Content/Assets/Character/mc_idle_front.uasset" 766
"C:/Users/1924h/OneDrive/Documents/Unreal Projects/TheChosenOne 5.1/Content/Assets/Character/mc_idle_front.uexp" 767
"C:/Users/1924h/OneDrive/Documents/Unreal Projects/TheChosenOne 5.1/Content/Assets/UI/Modern_UI_Style_1_48x48.uasset" 768
"C:/Users/1924h/OneDrive/Documents/Unreal Projects/TheChosenOne 5.1/Content/Assets/UI/Modern_UI_Style_1_48x48.uexp" 769
"C:/Users/1924h/OneDrive/Documents/Unreal Projects/TheChosenOne 5.1/Content/Assets/UI/Modern_UI_Style_1_48x48_Sprite_44.uasset" 770
"C:/Users/1924h/OneDrive/Documents/Unreal Projects/TheChosenOne 5.1/Content/Assets/UI/Modern_UI_Style_1_48x48_Sprite_44.uexp" 771
"C:/Users/1924h/OneDrive/Documents/Unreal Projects/TheChosenOne 5.1/Content/Assets/Font/PressStart2P-Regular.uexp" 772
"C:/Users/1924h/OneDrive/Documents/Unreal Projects/TheChosenOne 5.1/Content/Assets/Font/PressStart2P-Regular.uasset" 773
"C:/Users/1924h/OneDrive/Documents/Unreal Projects/TheChosenOne 5.1/Content/Assets/Font/PressStart2P-Regular.ufont" 774
"C:/Users/1924h/OneDrive/Documents/Unreal Projects/TheChosenOne 5.1/Content/Assets/Font/PressStart2P-Regular_Font.uasset" 775
"C:/Users/1924h/OneDrive/Documents/Unreal Projects/TheChosenOne 5.1/Content/Assets/Font/PressStart2P-Regular_Font.uexp" 776
"C:/Users/1924h/OneDrive/Documents/Unreal Projects/TheChosenOne 5.1/Content/Assets/GUI/CH_1/WB_Voiceline.uasset" 777
"C:/Users/1924h/OneDrive/Documents/Unreal Projects/TheChosenOne 5.1/Content/Assets/GUI/CH_1/WB_Voiceline.uexp" 778
"C:/Users/1924h/OneDrive/Documents/Unreal Projects/TheChosenOne 5.1/Content/Assets/UI/Modern_UI_Style_1_48x48_Sprite_34.uasset" 779
"C:/Users/1924h/OneDrive/Documents/Unreal Projects/TheChosenOne 5.1/Content/Assets/UI/Modern_UI_Style_1_48x48_Sprite_34.uexp" 780
"C:/Users/1924h/OneDrive/Documents/Unreal Projects/TheChosenOne 5.1/Content/Assets/UI/Modern_UI_Style_1_48x48_Sprite_42.uasset" 781
"C:/Users/1924h/OneDrive/Documents/Unreal Projects/TheChosenOne 5.1/Content/Assets/UI/Modern_UI_Style_1_48x48_Sprite_42.uexp" 782
"C:/Users/1924h/OneDrive/Documents/Unreal Projects/TheChosenOne 5.1/Content/Assets/GUI/Menu/WB_Esc_Menu.uasset" 783
"C:/Users/1924h/OneDrive/Documents/Unreal Projects/TheChosenOne 5.1/Content/Assets/GUI/Menu/WB_Esc_Menu.uexp" 784
"C:/Users/1924h/OneDrive/Documents/Unreal Projects/TheChosenOne 5.1/Content/Assets/GUI/CH_1/Note.uasset" 785
"C:/Users/1924h/OneDrive/Documents/Unreal Projects/TheChosenOne 5.1/Content/Assets/GUI/CH_1/Note.uexp" 786
"C:/Users/1924h/OneDrive/Documents/Unreal Projects/TheChosenOne 5.1/Content/Assets/Keys/Keyboard_Black.ubulk" 787
"C:/Users/1924h/OneDrive/Documents/Unreal Projects/TheChosenOne 5.1/Content/Assets/Keys/Keyboard_Black.uasset" 788
"C:/Users/1924h/OneDrive/Documents/Unreal Projects/TheChosenOne 5.1/Content/Assets/Keys/Keyboard_Black.uexp" 789
"C:/Users/1924h/OneDrive/Documents/Unreal Projects/TheChosenOne 5.1/Content/Assets/Keys/Keyboard_Black_Sprite_1.uasset" 790
"C:/Users/1924h/OneDrive/Documents/Unreal Projects/TheChosenOne 5.1/Content/Assets/Keys/Keyboard_Black_Sprite_1.uexp" 791
"../../../Engine/Content/EditorBlueprintResources/StandardMacros.uasset" 792
"../../../Engine/Content/EditorBlueprintResources/StandardMacros.uexp" 793
"C:/Users/1924h/OneDrive/Documents/Unreal Projects/TheChosenOne 5.1/Content/Assets/GUI/CH_1/WB_Computer_Terminal_Win_1.uasset" 794
"C:/Users/1924h/OneDrive/Documents/Unreal Projects/TheChosenOne 5.1/Content/Assets/GUI/CH_1/WB_Computer_Terminal_Win_1.uexp" 795
"C:/Users/1924h/OneDrive/Documents/Unreal Projects/TheChosenOne 5.1/Content/Assets/GUI/CH_1/WB_Computer_Terminal_1.uasset" 796
"C:/Users/1924h/OneDrive/Documents/Unreal Projects/TheChosenOne 5.1/Content/Assets/GUI/CH_1/WB_Computer_Terminal_1.uexp" 797
"C:/Users/1924h/OneDrive/Documents/Unreal Projects/TheChosenOne 5.1/Content/Blueprints/Triggers/Interact.uasset" 798
"C:/Users/1924h/OneDrive/Documents/Unreal Projects/TheChosenOne 5.1/Content/Blueprints/Triggers/Interact.uexp" 799
"C:/Users/1924h/OneDrive/Documents/Unreal Projects/TheChosenOne 5.1/Content/Assets/Keys/Keyboard_Black_TileSet.uasset" 800
"C:/Users/1924h/OneDrive/Documents/Unreal Projects/TheChosenOne 5.1/Content/Assets/Keys/Keyboard_Black_TileSet.uexp" 801
"C:/Users/1924h/OneDrive/Documents/Unreal Projects/TheChosenOne 5.1/Content/Assets/Keys/Keyboard_Black_TileMap.uasset" 802
"C:/Users/1924h/OneDrive/Documents/Unreal Projects/TheChosenOne 5.1/Content/Assets/Keys/Keyboard_Black_TileMap.uexp" 803
"C:/Users/1924h/OneDrive/Documents/Unreal Projects/TheChosenOne 5.1/Content/Assets/Character/main_character_0.uasset" 804
"C:/Users/1924h/OneDrive/Documents/Unreal Projects/TheChosenOne 5.1/Content/Assets/Character/main_character_0.uexp" 805
"C:/Users/1924h/OneDrive/Documents/Unreal Projects/TheChosenOne 5.1/Content/Assets/Character/main_character_1.uasset" 806
"C:/Users/1924h/OneDrive/Documents/Unreal Projects/TheChosenOne 5.1/Content/Assets/Character/main_character_1.uexp" 807
"C:/Users/1924h/OneDrive/Documents/Unreal Projects/TheChosenOne 5.1/Content/Assets/Character/main_character_2.uasset" 808
"C:/Users/1924h/OneDrive/Documents/Unreal Projects/TheChosenOne 5.1/Content/Assets/Character/main_character_2.uexp" 809
"C:/Users/1924h/OneDrive/Documents/Unreal Projects/TheChosenOne 5.1/Content/Assets/Character/main_character_3.uasset" 810
"C:/Users/1924h/OneDrive/Documents/Unreal Projects/TheChosenOne 5.1/Content/Assets/Character/main_character_3.uexp" 811
"C:/Users/1924h/OneDrive/Documents/Unreal Projects/TheChosenOne 5.1/Content/Assets/Character/main_character_4.uasset" 812
"C:/Users/1924h/OneDrive/Documents/Unreal Projects/TheChosenOne 5.1/Content/Assets/Character/main_character_4.uexp" 813
"C:/Users/1924h/OneDrive/Documents/Unreal Projects/TheChosenOne 5.1/Content/Assets/Character/main_character_5.uasset" 814
"C:/Users/1924h/OneDrive/Documents/Unreal Projects/TheChosenOne 5.1/Content/Assets/Character/main_character_5.uexp" 815
"C:/Users/1924h/OneDrive/Documents/Unreal Projects/TheChosenOne 5.1/Content/Assets/Character/mc_idle_right.uasset" 816
"C:/Users/1924h/OneDrive/Documents/Unreal Projects/TheChosenOne 5.1/Content/Assets/Character/mc_idle_right.uexp" 817
"C:/Users/1924h/OneDrive/Documents/Unreal Projects/TheChosenOne 5.1/Content/Assets/Character/main_character_6.uasset" 818
"C:/Users/1924h/OneDrive/Documents/Unreal Projects/TheChosenOne 5.1/Content/Assets/Character/main_character_6.uexp" 819
"C:/Users/1924h/OneDrive/Documents/Unreal Projects/TheChosenOne 5.1/Content/Assets/Character/main_character_7.uasset" 820
"C:/Users/1924h/OneDrive/Documents/Unreal Projects/TheChosenOne 5.1/Content/Assets/Character/main_character_7.uexp" 821
"C:/Users/1924h/OneDrive/Documents/Unreal Projects/TheChosenOne 5.1/Content/Assets/Character/main_character_8.uasset" 822
"C:/Users/1924h/OneDrive/Documents/Unreal Projects/TheChosenOne 5.1/Content/Assets/Character/main_character_8.uexp" 823
"C:/Users/1924h/OneDrive/Documents/Unreal Projects/TheChosenOne 5.1/Content/Assets/Character/main_character_9.uasset" 824
"C:/Users/1924h/OneDrive/Documents/Unreal Projects/TheChosenOne 5.1/Content/Assets/Character/main_character_9.uexp" 825
"C:/Users/1924h/OneDrive/Documents/Unreal Projects/TheChosenOne 5.1/Content/Assets/Character/main_character_10.uasset" 826
"C:/Users/1924h/OneDrive/Documents/Unreal Projects/TheChosenOne 5.1/Content/Assets/Character/main_character_10.uexp" 827
"C:/Users/1924h/OneDrive/Documents/Unreal Projects/TheChosenOne 5.1/Content/Assets/Character/main_character_11.uasset" 828
"C:/Users/1924h/OneDrive/Documents/Unreal Projects/TheChosenOne 5.1/Content/Assets/Character/main_character_11.uexp" 829
"C:/Users/1924h/OneDrive/Documents/Unreal Projects/TheChosenOne 5.1/Content/Assets/Character/mc_idle_back.uasset" 830
"C:/Users/1924h/OneDrive/Documents/Unreal Projects/TheChosenOne 5.1/Content/Assets/Character/mc_idle_back.uexp" 831
"C:/Users/1924h/OneDrive/Documents/Unreal Projects/TheChosenOne 5.1/Content/Blueprints/Character/AS_Character.uasset" 832
"C:/Users/1924h/OneDrive/Documents/Unreal Projects/TheChosenOne 5.1/Content/Blueprints/Character/AS_Character.uexp" 833
"C:/Users/1924h/OneDrive/Documents/Unreal Projects/TheChosenOne 5.1/Content/Assets/Character/main_character_12.uasset" 834
"C:/Users/1924h/OneDrive/Documents/Unreal Projects/TheChosenOne 5.1/Content/Assets/Character/main_character_12.uexp" 835
"C:/Users/1924h/OneDrive/Documents/Unreal Projects/TheChosenOne 5.1/Content/Assets/Character/main_character_13.uasset" 836
"C:/Users/1924h/OneDrive/Documents/Unreal Projects/TheChosenOne 5.1/Content/Assets/Character/main_character_13.uexp" 837
"C:/Users/1924h/OneDrive/Documents/Unreal Projects/TheChosenOne 5.1/Content/Assets/Character/main_character_14.uasset" 838
"C:/Users/1924h/OneDrive/Documents/Unreal Projects/TheChosenOne 5.1/Content/Assets/Character/main_character_14.uexp" 839
"C:/Users/1924h/OneDrive/Documents/Unreal Projects/TheChosenOne 5.1/Content/Assets/Character/main_character_15.uasset" 840
"C:/Users/1924h/OneDrive/Documents/Unreal Projects/TheChosenOne 5.1/Content/Assets/Character/main_character_15.uexp" 841
"C:/Users/1924h/OneDrive/Documents/Unreal Projects/TheChosenOne 5.1/Content/Assets/Character/main_character_16.uasset" 842
"C:/Users/1924h/OneDrive/Documents/Unreal Projects/TheChosenOne 5.1/Content/Assets/Character/main_character_16.uexp" 843
"C:/Users/1924h/OneDrive/Documents/Unreal Projects/TheChosenOne 5.1/Content/Assets/Character/main_character_17.uasset" 844
"C:/Users/1924h/OneDrive/Documents/Unreal Projects/TheChosenOne 5.1/Content/Assets/Character/main_character_17.uexp" 845
"C:/Users/1924h/OneDrive/Documents/Unreal Projects/TheChosenOne 5.1/Content/Assets/Character/mc_idle_left.uasset" 846
"C:/Users/1924h/OneDrive/Documents/Unreal Projects/TheChosenOne 5.1/Content/Assets/Character/mc_idle_left.uexp" 847
"C:/Users/1924h/OneDrive/Documents/Unreal Projects/TheChosenOne 5.1/Content/Blueprints/AnimSequences/Idle.uasset" 848
"C:/Users/1924h/OneDrive/Documents/Unreal Projects/TheChosenOne 5.1/Content/Blueprints/AnimSequences/Idle.uexp" 849
"C:/Users/1924h/OneDrive/Documents/Unreal Projects/TheChosenOne 5.1/Content/Assets/Character/main_character_Sprite_6.uasset" 850
"C:/Users/1924h/OneDrive/Documents/Unreal Projects/TheChosenOne 5.1/Content/Assets/Character/main_character_Sprite_6.uexp" 851
"C:/Users/1924h/OneDrive/Documents/Unreal Projects/TheChosenOne 5.1/Content/Assets/Character/main_character_Sprite_7.uasset" 852
"C:/Users/1924h/OneDrive/Documents/Unreal Projects/TheChosenOne 5.1/Content/Assets/Character/main_character_Sprite_7.uexp" 853
"C:/Users/1924h/OneDrive/Documents/Unreal Projects/TheChosenOne 5.1/Content/Assets/Character/main_character_Sprite_8.uasset" 854
"C:/Users/1924h/OneDrive/Documents/Unreal Projects/TheChosenOne 5.1/Content/Assets/Character/main_character_Sprite_8.uexp" 855
"C:/Users/1924h/OneDrive/Documents/Unreal Projects/TheChosenOne 5.1/Content/Assets/Character/main_character_Sprite_9.uasset" 856
"C:/Users/1924h/OneDrive/Documents/Unreal Projects/TheChosenOne 5.1/Content/Assets/Character/main_character_Sprite_9.uexp" 857
"C:/Users/1924h/OneDrive/Documents/Unreal Projects/TheChosenOne 5.1/Content/Assets/Character/main_character_Sprite_10.uasset" 858
"C:/Users/1924h/OneDrive/Documents/Unreal Projects/TheChosenOne 5.1/Content/Assets/Character/main_character_Sprite_10.uexp" 859
"C:/Users/1924h/OneDrive/Documents/Unreal Projects/TheChosenOne 5.1/Content/Assets/Character/main_character_Sprite_11.uasset" 860
"C:/Users/1924h/OneDrive/Documents/Unreal Projects/TheChosenOne 5.1/Content/Assets/Character/main_character_Sprite_11.uexp" 861
"C:/Users/1924h/OneDrive/Documents/Unreal Projects/TheChosenOne 5.1/Content/Assets/Character/mc_run_back.uasset" 862
"C:/Users/1924h/OneDrive/Documents/Unreal Projects/TheChosenOne 5.1/Content/Assets/Character/mc_run_back.uexp" 863
"C:/Users/1924h/OneDrive/Documents/Unreal Projects/TheChosenOne 5.1/Content/Assets/Character/main_character_Sprite_12.uasset" 864
"C:/Users/1924h/OneDrive/Documents/Unreal Projects/TheChosenOne 5.1/Content/Assets/Character/main_character_Sprite_12.uexp" 865
"C:/Users/1924h/OneDrive/Documents/Unreal Projects/TheChosenOne 5.1/Content/Assets/Character/main_character_Sprite_13.uasset" 866
"C:/Users/1924h/OneDrive/Documents/Unreal Projects/TheChosenOne 5.1/Content/Assets/Character/main_character_Sprite_13.uexp" 867
"C:/Users/1924h/OneDrive/Documents/Unreal Projects/TheChosenOne 5.1/Content/Assets/Character/main_character_Sprite_14.uasset" 868
"C:/Users/1924h/OneDrive/Documents/Unreal Projects/TheChosenOne 5.1/Content/Assets/Character/main_character_Sprite_14.uexp" 869
"C:/Users/1924h/OneDrive/Documents/Unreal Projects/TheChosenOne 5.1/Content/Assets/Character/main_character_Sprite_15.uasset" 870
"C:/Users/1924h/OneDrive/Documents/Unreal Projects/TheChosenOne 5.1/Content/Assets/Character/main_character_Sprite_15.uexp" 871
"C:/Users/1924h/OneDrive/Documents/Unreal Projects/TheChosenOne 5.1/Content/Assets/Character/main_character_Sprite_16.uasset" 872
"C:/Users/1924h/OneDrive/Documents/Unreal Projects/TheChosenOne 5.1/Content/Assets/Character/main_character_Sprite_16.uexp" 873
"C:/Users/1924h/OneDrive/Documents/Unreal Projects/TheChosenOne 5.1/Content/Assets/Character/main_character_Sprite_17.uasset" 874
"C:/Users/1924h/OneDrive/Documents/Unreal Projects/TheChosenOne 5.1/Content/Assets/Character/main_character_Sprite_17.uexp" 875
"C:/Users/1924h/OneDrive/Documents/Unreal Projects/TheChosenOne 5.1/Content/Assets/Character/mc_run_left.uasset" 876
"C:/Users/1924h/OneDrive/Documents/Unreal Projects/TheChosenOne 5.1/Content/Assets/Character/mc_run_left.uexp" 877
"C:/Users/1924h/OneDrive/Documents/Unreal Projects/TheChosenOne 5.1/Content/Assets/Character/main_character_Sprite_0.uasset" 878
"C:/Users/1924h/OneDrive/Documents/Unreal Projects/TheChosenOne 5.1/Content/Assets/Character/main_character_Sprite_0.uexp" 879
"C:/Users/1924h/OneDrive/Documents/Unreal Projects/TheChosenOne 5.1/Content/Assets/Character/main_character_Sprite_1.uasset" 880
"C:/Users/1924h/OneDrive/Documents/Unreal Projects/TheChosenOne 5.1/Content/Assets/Character/main_character_Sprite_1.uexp" 881
"C:/Users/1924h/OneDrive/Documents/Unreal Projects/TheChosenOne 5.1/Content/Assets/Character/main_character_Sprite_2.uasset" 882
"C:/Users/1924h/OneDrive/Documents/Unreal Projects/TheChosenOne 5.1/Content/Assets/Character/main_character_Sprite_2.uexp" 883
"C:/Users/1924h/OneDrive/Documents/Unreal Projects/TheChosenOne 5.1/Content/Assets/Character/main_character_Sprite_3.uasset" 884
"C:/Users/1924h/OneDrive/Documents/Unreal Projects/TheChosenOne 5.1/Content/Assets/Character/main_character_Sprite_3.uexp" 885
"C:/Users/1924h/OneDrive/Documents/Unreal Projects/TheChosenOne 5.1/Content/Assets/Character/main_character_Sprite_4.uasset" 886
"C:/Users/1924h/OneDrive/Documents/Unreal Projects/TheChosenOne 5.1/Content/Assets/Character/main_character_Sprite_4.uexp" 887
"C:/Users/1924h/OneDrive/Documents/Unreal Projects/TheChosenOne 5.1/Content/Assets/Character/main_character_Sprite_5.uasset" 888
"C:/Users/1924h/OneDrive/Documents/Unreal Projects/TheChosenOne 5.1/Content/Assets/Character/main_character_Sprite_5.uexp" 889
"C:/Users/1924h/OneDrive/Documents/Unreal Projects/TheChosenOne 5.1/Content/Assets/Character/mc_run_right.uasset" 890
"C:/Users/1924h/OneDrive/Documents/Unreal Projects/TheChosenOne 5.1/Content/Assets/Character/mc_run_right.uexp" 891
"C:/Users/1924h/OneDrive/Documents/Unreal Projects/TheChosenOne 5.1/Content/Assets/Character/main_character_Sprite_18.uasset" 892
"C:/Users/1924h/OneDrive/Documents/Unreal Projects/TheChosenOne 5.1/Content/Assets/Character/main_character_Sprite_18.uexp" 893
"C:/Users/1924h/OneDrive/Documents/Unreal Projects/TheChosenOne 5.1/Content/Assets/Character/main_character_Sprite_19.uasset" 894
"C:/Users/1924h/OneDrive/Documents/Unreal Projects/TheChosenOne 5.1/Content/Assets/Character/main_character_Sprite_19.uexp" 895
"C:/Users/1924h/OneDrive/Documents/Unreal Projects/TheChosenOne 5.1/Content/Assets/Character/main_character_Sprite_20.uasset" 896
"C:/Users/1924h/OneDrive/Documents/Unreal Projects/TheChosenOne 5.1/Content/Assets/Character/main_character_Sprite_20.uexp" 897
"C:/Users/1924h/OneDrive/Documents/Unreal Projects/TheChosenOne 5.1/Content/Assets/Character/main_character_Sprite_21.uasset" 898
"C:/Users/1924h/OneDrive/Documents/Unreal Projects/TheChosenOne 5.1/Content/Assets/Character/main_character_Sprite_21.uexp" 899
"C:/Users/1924h/OneDrive/Documents/Unreal Projects/TheChosenOne 5.1/Content/Assets/Character/main_character_Sprite_22.uasset" 900
"C:/Users/1924h/OneDrive/Documents/Unreal Projects/TheChosenOne 5.1/Content/Assets/Character/main_character_Sprite_22.uexp" 901
"C:/Users/1924h/OneDrive/Documents/Unreal Projects/TheChosenOne 5.1/Content/Assets/Character/main_character_Sprite_23.uasset" 902
"C:/Users/1924h/OneDrive/Documents/Unreal Projects/TheChosenOne 5.1/Content/Assets/Character/main_character_Sprite_23.uexp" 903
"C:/Users/1924h/OneDrive/Documents/Unreal Projects/TheChosenOne 5.1/Content/Assets/Character/mc_run_front.uasset" 904
"C:/Users/1924h/OneDrive/Documents/Unreal Projects/TheChosenOne 5.1/Content/Assets/Character/mc_run_front.uexp" 905
"C:/Users/1924h/OneDrive/Documents/Unreal Projects/TheChosenOne 5.1/Content/Blueprints/AnimSequences/Run.uasset" 906
"C:/Users/1924h/OneDrive/Documents/Unreal Projects/TheChosenOne 5.1/Content/Blueprints/AnimSequences/Run.uexp" 907
"C:/Users/1924h/OneDrive/Documents/Unreal Projects/TheChosenOne 5.1/Content/Blueprints/Character/ABP_Character.uasset" 908
"C:/Users/1924h/OneDrive/Documents/Unreal Projects/TheChosenOne 5.1/Content/Blueprints/Character/ABP_Character.uexp" 909
"C:/Users/1924h/OneDrive/Documents/Unreal Projects/TheChosenOne 5.1/Content/Blueprints/Character/BP_Character.uasset" 910
"C:/Users/1924h/OneDrive/Documents/Unreal Projects/TheChosenOne 5.1/Content/Blueprints/Character/BP_Character.uexp" 911
"C:/Users/1924h/OneDrive/Documents/Unreal Projects/TheChosenOne 5.1/Content/Blueprints/Character/GM_Character.uasset" 912
"C:/Users/1924h/OneDrive/Documents/Unreal Projects/TheChosenOne 5.1/Content/Blueprints/Character/GM_Character.uexp" 913
"../../../Engine/Content/Maps/Entry_BuiltData.uasset" 914
"../../../Engine/Content/Maps/Entry_BuiltData.uexp" 915
"../../../Engine/Content/Maps/Entry.uexp" 916
"../../../Engine/Content/Maps/Entry.umap" 917
"C:/Users/1924h/OneDrive/Documents/Unreal Projects/TheChosenOne 5.1/Content/Blueprints/Triggers/Voiceline.uasset" 918
"C:/Users/1924h/OneDrive/Documents/Unreal Projects/TheChosenOne 5.1/Content/Blueprints/Triggers/Voiceline.uexp" 919
"C:/Users/1924h/OneDrive/Documents/Unreal Projects/TheChosenOne 5.1/Content/Blueprints/Triggers/Barrier2.uasset" 920
"C:/Users/1924h/OneDrive/Documents/Unreal Projects/TheChosenOne 5.1/Content/Blueprints/Triggers/Barrier2.uexp" 921
"C:/Users/1924h/OneDrive/Documents/Unreal Projects/TheChosenOne 5.1/Content/Blueprints/Triggers/Barrier3.uasset" 922
"C:/Users/1924h/OneDrive/Documents/Unreal Projects/TheChosenOne 5.1/Content/Blueprints/Triggers/Barrier3.uexp" 923
"C:/Users/1924h/OneDrive/Documents/Unreal Projects/TheChosenOne 5.1/Content/Interiors/Textures/Kitchen_02.uasset" 924
"C:/Users/1924h/OneDrive/Documents/Unreal Projects/TheChosenOne 5.1/Content/Interiors/Textures/Kitchen_02.uexp" 925
"C:/Users/1924h/OneDrive/Documents/Unreal Projects/TheChosenOne 5.1/Content/Interiors/Interiors_RPG/Kitchen_02_TileSet.uasset" 926
"C:/Users/1924h/OneDrive/Documents/Unreal Projects/TheChosenOne 5.1/Content/Interiors/Interiors_RPG/Kitchen_02_TileSet.uexp" 927
"C:/Users/1924h/OneDrive/Documents/Unreal Projects/TheChosenOne 5.1/Content/Interiors/Textures/Floors_only_48x48.uasset" 928
"C:/Users/1924h/OneDrive/Documents/Unreal Projects/TheChosenOne 5.1/Content/Interiors/Textures/Floors_only_48x48.uexp" 929
"C:/Users/1924h/OneDrive/Documents/Unreal Projects/TheChosenOne 5.1/Content/Interiors/Interiors_RPG/Floors_only_48x48_TileSet.uasset" 930
"C:/Users/1924h/OneDrive/Documents/Unreal Projects/TheChosenOne 5.1/Content/Interiors/Interiors_RPG/Floors_only_48x48_TileSet.uexp" 931
"C:/Users/1924h/OneDrive/Documents/Unreal Projects/TheChosenOne 5.1/Content/Interiors/Textures/Classroom_and_Library_02.uasset" 932
"C:/Users/1924h/OneDrive/Documents/Unreal Projects/TheChosenOne 5.1/Content/Interiors/Textures/Classroom_and_Library_02.uexp" 933
"C:/Users/1924h/OneDrive/Documents/Unreal Projects/TheChosenOne 5.1/Content/Interiors/Interiors_RPG/Classroom_and_Library_02_TileSet.uasset" 934
"C:/Users/1924h/OneDrive/Documents/Unreal Projects/TheChosenOne 5.1/Content/Interiors/Interiors_RPG/Classroom_and_Library_02_TileSet.uexp" 935
"C:/Users/1924h/OneDrive/Documents/Unreal Projects/TheChosenOne 5.1/Content/Interiors/Textures/Basement_01.uasset" 936
"C:/Users/1924h/OneDrive/Documents/Unreal Projects/TheChosenOne 5.1/Content/Interiors/Textures/Basement_01.uexp" 937
"C:/Users/1924h/OneDrive/Documents/Unreal Projects/TheChosenOne 5.1/Content/Interiors/Interiors_RPG/Basement_01_TileSet.uasset" 938
"C:/Users/1924h/OneDrive/Documents/Unreal Projects/TheChosenOne 5.1/Content/Interiors/Interiors_RPG/Basement_01_TileSet.uexp" 939
"C:/Users/1924h/OneDrive/Documents/Unreal Projects/TheChosenOne 5.1/Content/Interiors/HomeDesigns/Tileset_48x48_15.uasset" 940
"C:/Users/1924h/OneDrive/Documents/Unreal Projects/TheChosenOne 5.1/Content/Interiors/HomeDesigns/Tileset_48x48_15.uexp" 941
"C:/Users/1924h/OneDrive/Documents/Unreal Projects/TheChosenOne 5.1/Content/Interiors/HomeDesigns/Parts.uasset" 942
"C:/Users/1924h/OneDrive/Documents/Unreal Projects/TheChosenOne 5.1/Content/Interiors/HomeDesigns/Parts.uexp" 943
"C:/Users/1924h/OneDrive/Documents/Unreal Projects/TheChosenOne 5.1/Content/Interiors/Textures/Bathroom_03.uasset" 944
"C:/Users/1924h/OneDrive/Documents/Unreal Projects/TheChosenOne 5.1/Content/Interiors/Textures/Bathroom_03.uexp" 945
"C:/Users/1924h/OneDrive/Documents/Unreal Projects/TheChosenOne 5.1/Content/Interiors/Interiors_RPG/Bathroom_03_TileSet.uasset" 946
"C:/Users/1924h/OneDrive/Documents/Unreal Projects/TheChosenOne 5.1/Content/Interiors/Interiors_RPG/Bathroom_03_TileSet.uexp" 947
"C:/Users/1924h/OneDrive/Documents/Unreal Projects/TheChosenOne 5.1/Content/Interiors/Textures/Generic_01.uasset" 948
"C:/Users/1924h/OneDrive/Documents/Unreal Projects/TheChosenOne 5.1/Content/Interiors/Textures/Generic_01.uexp" 949
"C:/Users/1924h/OneDrive/Documents/Unreal Projects/TheChosenOne 5.1/Content/Interiors/Interiors_RPG/Generic_01_TileSet.uasset" 950
"C:/Users/1924h/OneDrive/Documents/Unreal Projects/TheChosenOne 5.1/Content/Interiors/Interiors_RPG/Generic_01_TileSet.uexp" 951
"C:/Users/1924h/OneDrive/Documents/Unreal Projects/TheChosenOne 5.1/Content/Interiors/Textures/Classroom_and_Library_01.uasset" 952
"C:/Users/1924h/OneDrive/Documents/Unreal Projects/TheChosenOne 5.1/Content/Interiors/Textures/Classroom_and_Library_01.uexp" 953
"C:/Users/1924h/OneDrive/Documents/Unreal Projects/TheChosenOne 5.1/Content/Interiors/Interiors_RPG/Classroom_and_Library_01_TileSet.uasset" 954
"C:/Users/1924h/OneDrive/Documents/Unreal Projects/TheChosenOne 5.1/Content/Interiors/Interiors_RPG/Classroom_and_Library_01_TileSet.uexp" 955
"C:/Users/1924h/OneDrive/Documents/Unreal Projects/TheChosenOne 5.1/Content/Interiors/Textures/Basement_02.uasset" 956
"C:/Users/1924h/OneDrive/Documents/Unreal Projects/TheChosenOne 5.1/Content/Interiors/Textures/Basement_02.uexp" 957
"C:/Users/1924h/OneDrive/Documents/Unreal Projects/TheChosenOne 5.1/Content/Interiors/Interiors_RPG/Basement_02_TileSet.uasset" 958
"C:/Users/1924h/OneDrive/Documents/Unreal Projects/TheChosenOne 5.1/Content/Interiors/Interiors_RPG/Basement_02_TileSet.uexp" 959
"C:/Users/1924h/OneDrive/Documents/Unreal Projects/TheChosenOne 5.1/Content/Interiors/Textures/Generic_03.uasset" 960
"C:/Users/1924h/OneDrive/Documents/Unreal Projects/TheChosenOne 5.1/Content/Interiors/Textures/Generic_03.uexp" 961
"C:/Users/1924h/OneDrive/Documents/Unreal Projects/TheChosenOne 5.1/Content/Interiors/Interiors_RPG/Generic_03_TileSet.uasset" 962
"C:/Users/1924h/OneDrive/Documents/Unreal Projects/TheChosenOne 5.1/Content/Interiors/Interiors_RPG/Generic_03_TileSet.uexp" 963
"C:/Users/1924h/OneDrive/Documents/Unreal Projects/TheChosenOne 5.1/Content/Interiors/Textures/Kitchen_01.uasset" 964
"C:/Users/1924h/OneDrive/Documents/Unreal Projects/TheChosenOne 5.1/Content/Interiors/Textures/Kitchen_01.uexp" 965
"C:/Users/1924h/OneDrive/Documents/Unreal Projects/TheChosenOne 5.1/Content/Interiors/Interiors_RPG/Kitchen_01_TileSet.uasset" 966
"C:/Users/1924h/OneDrive/Documents/Unreal Projects/TheChosenOne 5.1/Content/Interiors/Interiors_RPG/Kitchen_01_TileSet.uexp" 967
"C:/Users/1924h/OneDrive/Documents/Unreal Projects/TheChosenOne 5.1/Content/Maps/1_Library/Library.uasset" 968
"C:/Users/1924h/OneDrive/Documents/Unreal Projects/TheChosenOne 5.1/Content/Maps/1_Library/Library.uexp" 969
"C:/Users/1924h/OneDrive/Documents/Unreal Projects/TheChosenOne 5.1/Content/Interiors/Textures/Gym_01.uasset" 970
"C:/Users/1924h/OneDrive/Documents/Unreal Projects/TheChosenOne 5.1/Content/Interiors/Textures/Gym_01.uexp" 971
"C:/Users/1924h/OneDrive/Documents/Unreal Projects/TheChosenOne 5.1/Content/Interiors/Interiors_RPG/Gym_01_TileSet.uasset" 972
"C:/Users/1924h/OneDrive/Documents/Unreal Projects/TheChosenOne 5.1/Content/Interiors/Interiors_RPG/Gym_01_TileSet.uexp" 973
"C:/Users/1924h/OneDrive/Documents/Unreal Projects/TheChosenOne 5.1/Content/Maps/1_Library/Library_Solved.uasset" 974
"C:/Users/1924h/OneDrive/Documents/Unreal Projects/TheChosenOne 5.1/Content/Maps/1_Library/Library_Solved.uexp" 975
"C:/Users/1924h/OneDrive/Documents/Unreal Projects/TheChosenOne 5.1/Content/Maps/1_Library/M_Library.uexp" 976
"C:/Users/1924h/OneDrive/Documents/Unreal Projects/TheChosenOne 5.1/Content/Maps/1_Library/M_Library.umap" 977
